#
# There is insufficient memory for the Java Runtime Environment to continue.
# Native memory allocation (malloc) failed to allocate 284688384 bytes for committing reserved memory.
# Possible reasons:
#   The system is out of physical RAM or swap space
#   In 32 bit mode, the process size limit was hit
# Possible solutions:
#   Reduce memory load on the system
#   Increase physical memory or swap space
#   Check if swap backing store is full
#   Use 64 bit Java on a 64 bit OS
#   Decrease Java heap size (-Xmx/-Xms)
#   Decrease number of Java threads
#   Decrease Java thread stack sizes (-Xss)
#   Set larger code cache with -XX:ReservedCodeCacheSize=
# This output file may be truncated or incomplete.
#
#  Out of Memory Error (os_linux.cpp:2718), pid=4422, tid=140705412220672
#
# JRE version: Java(TM) SE Runtime Environment (7.0_45-b18) (build 1.7.0_45-b18)
# Java VM: Java HotSpot(TM) 64-Bit Server VM (24.45-b08 mixed mode linux-amd64 compressed oops)
# Failed to write core dump. Core dumps have been disabled. To enable core dumping, try "ulimit -c unlimited" before starting Java again
#

---------------  T H R E A D  ---------------

Current thread (0x00007ff88c069800):  VMThread [stack: 0x00007ff8880d0000,0x00007ff8881d1000] [id=4430]

Stack: [0x00007ff8880d0000,0x00007ff8881d1000],  sp=0x00007ff8881cf300,  free space=1020k
Native frames: (J=compiled Java code, j=interpreted, Vv=VM code, C=native code)
V  [libjvm.so+0x992c8a]  VMError::report_and_die()+0x2ea
V  [libjvm.so+0x49319b]  report_vm_out_of_memory(char const*, int, unsigned long, char const*)+0x9b
V  [libjvm.so+0x81310e]  os::Linux::commit_memory_impl(char*, unsigned long, bool)+0xfe
V  [libjvm.so+0x8135bf]  os::Linux::commit_memory_impl(char*, unsigned long, unsigned long, bool)+0x4f
V  [libjvm.so+0x81377c]  os::pd_commit_memory(char*, unsigned long, unsigned long, bool)+0xc
V  [libjvm.so+0x80d86a]  os::commit_memory(char*, unsigned long, unsigned long, bool)+0x2a
V  [libjvm.so+0x87fa33]  PSVirtualSpace::expand_by(unsigned long)+0x53
V  [libjvm.so+0x86f040]  PSOldGen::expand(unsigned long)+0x170
V  [libjvm.so+0x86f24b]  PSOldGen::resize(unsigned long)+0x1cb
V  [libjvm.so+0x877e50]  PSParallelCompact::invoke_no_policy(bool)+0x970
V  [libjvm.so+0x8781d3]  PSParallelCompact::invoke(bool)+0x63
V  [libjvm.so+0x834bc7]  ParallelScavengeHeap::failed_permanent_mem_allocate(unsigned long)+0xe7
V  [libjvm.so+0x99467a]  VM_ParallelGCFailedPermanentAllocation::doit()+0x9a
V  [libjvm.so+0x99b955]  VM_Operation::evaluate()+0x55
V  [libjvm.so+0x999d8a]  VMThread::evaluate_operation(VM_Operation*)+0xba
V  [libjvm.so+0x99a10e]  VMThread::loop()+0x1ce
V  [libjvm.so+0x99a580]  VMThread::run()+0x70
V  [libjvm.so+0x815288]  java_start(Thread*)+0x108

VM_Operation (0x00007ff881ec7340): ParallelGCFailedPermanentAllocation, mode: safepoint, requested by thread 0x00007ff840003800


---------------  P R O C E S S  ---------------

Java Threads: ( => current thread )
  0x00007ff82c002800 JavaThread "process reaper" daemon [_thread_blocked, id=7441, stack(0x00007ff881a26000,0x00007ff881a5f000)]
  0x00007ff83478b000 JavaThread "pool-41-thread-1" [_thread_blocked, id=7438, stack(0x00007ff881222000,0x00007ff881323000)]
  0x00007ff834c89000 JavaThread "Stdin handler" [_thread_blocked, id=7437, stack(0x00007ff881aca000,0x00007ff881bcb000)]
  0x00007ff840003800 JavaThread "Daemon worker Thread 21" [_thread_blocked, id=7434, stack(0x00007ff881dcd000,0x00007ff881ece000)]
  0x00007ff84000a000 JavaThread "Cancel handler" [_thread_blocked, id=7433, stack(0x00007ff881bcb000,0x00007ff881ccc000)]
  0x00007ff84000b000 JavaThread "Handler for socket connection from /127.0.0.1:50406 to /127.0.0.1:56324" [_thread_in_native, id=7432, stack(0x00007ff881ccc000,0x00007ff881dcd000)]
  0x00007ff84c029800 JavaThread "Daemon Thread 21" [_thread_blocked, id=7431, stack(0x00007ff881ece000,0x00007ff881fcf000)]
  0x00007ff83c5b5000 JavaThread "File lock request listener" [_thread_in_native, id=4449, stack(0x00007ff881925000,0x00007ff881a26000)]
  0x00007ff88c678000 JavaThread "Incoming local TCP Connector on port 50406" [_thread_in_native, id=4438, stack(0x00007ff881fcf000,0x00007ff8820d0000)]
  0x00007ff88c097000 JavaThread "Service Thread" daemon [_thread_blocked, id=4436, stack(0x00007ff88302c000,0x00007ff88312d000)]
  0x00007ff88c094800 JavaThread "C2 CompilerThread1" daemon [_thread_blocked, id=4435, stack(0x00007ff88312d000,0x00007ff88322e000)]
  0x00007ff88c091800 JavaThread "C2 CompilerThread0" daemon [_thread_blocked, id=4434, stack(0x00007ff88322e000,0x00007ff88332f000)]
  0x00007ff88c087800 JavaThread "Signal Dispatcher" daemon [_thread_blocked, id=4433, stack(0x00007ff88332f000,0x00007ff883430000)]
  0x00007ff88c070000 JavaThread "Finalizer" daemon [_thread_blocked, id=4432, stack(0x00007ff883dfe000,0x00007ff883eff000)]
  0x00007ff88c06c000 JavaThread "Reference Handler" daemon [_thread_blocked, id=4431, stack(0x00007ff883eff000,0x00007ff884000000)]
  0x00007ff88c00a000 JavaThread "main" [_thread_blocked, id=4424, stack(0x00007ff8941d2000,0x00007ff8942d3000)]

Other Threads:
=>0x00007ff88c069800 VMThread [stack: 0x00007ff8880d0000,0x00007ff8881d1000] [id=4430]
  0x00007ff88c0a1800 WatcherThread [stack: 0x00007ff882f2b000,0x00007ff88302c000] [id=4437]

VM state:at safepoint (normal execution)

VM Mutex/Monitor currently owned by a thread:  ([mutex/lock_event])
[0x00007ff88c005ed0] ExpandHeap_lock - owner thread: 0x00007ff88c069800
[0x00007ff88c006550] Threads_lock - owner thread: 0x00007ff88c069800
[0x00007ff88c006a50] Heap_lock - owner thread: 0x00007ff840003800

Heap
 PSYoungGen      total 600576K, used 38438K [0x00000007d5500000, 0x00000007fff00000, 0x0000000800000000)
  eden space 504832K, 0% used [0x00000007d5500000,0x00000007d5500000,0x00000007f4200000)
  from space 95744K, 40% used [0x00000007f4200000,0x00000007f67899e0,0x00000007f9f80000)
  to   space 96256K, 0% used [0x00000007fa100000,0x00000007fa100000,0x00000007fff00000)
 ParOldGen       total 312320K, used 312132K [0x0000000780000000, 0x0000000793100000, 0x00000007d5500000)
  object space 312320K, 99% used [0x0000000780000000,0x00000007930d11d8,0x0000000793100000)
 PSPermGen       total 262144K, used 262057K [0x0000000770000000, 0x0000000780000000, 0x0000000780000000)
  object space 262144K, 99% used [0x0000000770000000,0x000000077ffea770,0x0000000780000000)

Card table byte_map: [0x00007ff89104a000,0x00007ff8914cb000] byte_map_base: 0x00007ff88d4ca000

Polling page: 0x00007ff8942ec000

Code Cache  [0x00007ff889000000, 0x00007ff889ca0000, 0x00007ff88c000000)
 total_blobs=3703 nmethods=3083 adapters=573 free_code_cache=36355Kb largest_free_block=37102272

Compilation events (10 events):
Event: 5688.074 Thread 0x00007ff88c091800 nmethod 3720 0x00007ff889c7d090 code [0x00007ff889c7d2c0, 0x00007ff889c7d7d8]
Event: 5688.074 Thread 0x00007ff88c091800 3721             com.sun.tools.javac.jvm.ClassWriter::writeMemberAttrs (139 bytes)
Event: 5688.094 Thread 0x00007ff88c094800 nmethod 3710 0x00007ff889c96a50 code [0x00007ff889c96e40, 0x00007ff889c98918]
Event: 5688.094 Thread 0x00007ff88c094800 3722             java.io.ObjectOutputStream$HandleTable::clear (27 bytes)
Event: 5688.098 Thread 0x00007ff88c094800 nmethod 3722 0x00007ff889c7cbd0 code [0x00007ff889c7cd20, 0x00007ff889c7cf28]
Event: 5688.101 Thread 0x00007ff88c091800 nmethod 3721 0x00007ff889c9add0 code [0x00007ff889c9b160, 0x00007ff889c9c280]
Event: 5690.400 Thread 0x00007ff88c094800 3723             java.io.ObjectOutputStream$HandleTable::<init> (45 bytes)
Event: 5690.409 Thread 0x00007ff88c094800 nmethod 3723 0x00007ff889c7c390 code [0x00007ff889c7c500, 0x00007ff889c7c9c8]
Event: 5690.810 Thread 0x00007ff88c091800 3724             com.android.builder.signing.SignedJarBuilder$CountOutputStream::write (16 bytes)
Event: 5690.814 Thread 0x00007ff88c091800 nmethod 3724 0x00007ff889c7bb90 code [0x00007ff889c7bd00, 0x00007ff889c7c128]

GC Heap History (10 events):
Event: 5548.499 GC heap after
Heap after GC invocations=67 (full 27):
 PSYoungGen      total 590336K, used 82591K [0x00000007d5500000, 0x0000000800000000, 0x0000000800000000)
  eden space 503808K, 0% used [0x00000007d5500000,0x00000007d5500000,0x00000007f4100000)
  from space 86528K, 95% used [0x00000007fa980000,0x00000007ffa27ef0,0x00000007ffe00000)
  to   space 97792K, 0% used [0x00000007f4100000,0x00000007f4100000,0x00000007fa080000)
 ParOldGen       total 312320K, used 241080K [0x0000000780000000, 0x0000000793100000, 0x00000007d5500000)
  object space 312320K, 77% used [0x0000000780000000,0x000000078eb6e3c0,0x0000000793100000)
 PSPermGen       total 239104K, used 234385K [0x0000000770000000, 0x000000077e980000, 0x0000000780000000)
  object space 239104K, 98% used [0x0000000770000000,0x000000077e4e4648,0x000000077e980000)
}
Event: 5548.593 GC heap before
{Heap before GC invocations=68 (full 27):
 PSYoungGen      total 590336K, used 95311K [0x00000007d5500000, 0x0000000800000000, 0x0000000800000000)
  eden space 503808K, 2% used [0x00000007d5500000,0x00000007d616bf40,0x00000007f4100000)
  from space 86528K, 95% used [0x00000007fa980000,0x00000007ffa27ef0,0x00000007ffe00000)
  to   space 97792K, 0% used [0x00000007f4100000,0x00000007f4100000,0x00000007fa080000)
 ParOldGen       total 312320K, used 241080K [0x0000000780000000, 0x0000000793100000, 0x00000007d5500000)
  object space 312320K, 77% used [0x0000000780000000,0x000000078eb6e3c0,0x0000000793100000)
 PSPermGen       total 239104K, used 234537K [0x0000000770000000, 0x000000077e980000, 0x0000000780000000)
  object space 239104K, 98% used [0x0000000770000000,0x000000077e50a578,0x000000077e980000)
Event: 5548.673 GC heap after
Heap after GC invocations=68 (full 27):
 PSYoungGen      total 566272K, used 62430K [0x00000007d5500000, 0x0000000800000000, 0x0000000800000000)
  eden space 503808K, 0% used [0x00000007d5500000,0x00000007d5500000,0x00000007f4100000)
  from space 62464K, 99% used [0x00000007f4100000,0x00000007f7df7800,0x00000007f7e00000)
  to   space 98816K, 0% used [0x00000007f9f80000,0x00000007f9f80000,0x0000000800000000)
 ParOldGen       total 312320K, used 241088K [0x0000000780000000, 0x0000000793100000, 0x00000007d5500000)
  object space 312320K, 77% used [0x0000000780000000,0x000000078eb703c0,0x0000000793100000)
 PSPermGen       total 239104K, used 234537K [0x0000000770000000, 0x000000077e980000, 0x0000000780000000)
  object space 239104K, 98% used [0x0000000770000000,0x000000077e50a578,0x000000077e980000)
}
Event: 5548.673 GC heap before
{Heap before GC invocations=69 (full 28):
 PSYoungGen      total 566272K, used 62430K [0x00000007d5500000, 0x0000000800000000, 0x0000000800000000)
  eden space 503808K, 0% used [0x00000007d5500000,0x00000007d5500000,0x00000007f4100000)
  from space 62464K, 99% used [0x00000007f4100000,0x00000007f7df7800,0x00000007f7e00000)
  to   space 98816K, 0% used [0x00000007f9f80000,0x00000007f9f80000,0x0000000800000000)
 ParOldGen       total 312320K, used 241088K [0x0000000780000000, 0x0000000793100000, 0x00000007d5500000)
  object space 312320K, 77% used [0x0000000780000000,0x000000078eb703c0,0x0000000793100000)
 PSPermGen       total 239104K, used 234537K [0x0000000770000000, 0x000000077e980000, 0x0000000780000000)
  object space 239104K, 98% used [0x0000000770000000,0x000000077e50a578,0x000000077e980000)
Event: 5550.327 GC heap after
Heap after GC invocations=69 (full 28):
 PSYoungGen      total 566272K, used 0K [0x00000007d5500000, 0x0000000800000000, 0x0000000800000000)
  eden space 503808K, 0% used [0x00000007d5500000,0x00000007d5500000,0x00000007f4100000)
  from space 62464K, 0% used [0x00000007f4100000,0x00000007f4100000,0x00000007f7e00000)
  to   space 98816K, 0% used [0x00000007f9f80000,0x00000007f9f80000,0x0000000800000000)
 ParOldGen       total 312320K, used 292086K [0x0000000780000000, 0x0000000793100000, 0x00000007d5500000)
  object space 312320K, 93% used [0x0000000780000000,0x0000000791d3d890,0x0000000793100000)
 PSPermGen       total 262144K, used 234376K [0x0000000770000000, 0x0000000780000000, 0x0000000780000000)
  object space 262144K, 89% used [0x0000000770000000,0x000000077e4e2338,0x0000000780000000)
}
Event: 5609.863 GC heap before
{Heap before GC invocations=70 (full 28):
 PSYoungGen      total 566272K, used 503808K [0x00000007d5500000, 0x0000000800000000, 0x0000000800000000)
  eden space 503808K, 100% used [0x00000007d5500000,0x00000007f4100000,0x00000007f4100000)
  from space 62464K, 0% used [0x00000007f4100000,0x00000007f4100000,0x00000007f7e00000)
  to   space 98816K, 0% used [0x00000007f9f80000,0x00000007f9f80000,0x0000000800000000)
 ParOldGen       total 312320K, used 292086K [0x0000000780000000, 0x0000000793100000, 0x00000007d5500000)
  object space 312320K, 93% used [0x0000000780000000,0x0000000791d3d890,0x0000000793100000)
 PSPermGen       total 262144K, used 252114K [0x0000000770000000, 0x0000000780000000, 0x0000000780000000)
  object space 262144K, 96% used [0x0000000770000000,0x000000077f6349b0,0x0000000780000000)
Event: 5609.942 GC heap after
Heap after GC invocations=70 (full 28):
 PSYoungGen      total 600576K, used 51525K [0x00000007d5500000, 0x00000007ffd00000, 0x0000000800000000)
  eden space 504832K, 0% used [0x00000007d5500000,0x00000007d5500000,0x00000007f4200000)
  from space 95744K, 53% used [0x00000007f9f80000,0x00000007fd1d14c8,0x00000007ffd00000)
  to   space 95744K, 0% used [0x00000007f4200000,0x00000007f4200000,0x00000007f9f80000)
 ParOldGen       total 312320K, used 292086K [0x0000000780000000, 0x0000000793100000, 0x00000007d5500000)
  object space 312320K, 93% used [0x0000000780000000,0x0000000791d3d890,0x0000000793100000)
 PSPermGen       total 262144K, used 252114K [0x0000000770000000, 0x0000000780000000, 0x0000000780000000)
  object space 262144K, 96% used [0x0000000770000000,0x000000077f6349b0,0x0000000780000000)
}
Event: 5690.822 GC heap before
{Heap before GC invocations=71 (full 28):
 PSYoungGen      total 600576K, used 384908K [0x00000007d5500000, 0x00000007ffd00000, 0x0000000800000000)
  eden space 504832K, 66% used [0x00000007d5500000,0x00000007e9a91d30,0x00000007f4200000)
  from space 95744K, 53% used [0x00000007f9f80000,0x00000007fd1d14c8,0x00000007ffd00000)
  to   space 95744K, 0% used [0x00000007f4200000,0x00000007f4200000,0x00000007f9f80000)
 ParOldGen       total 312320K, used 292086K [0x0000000780000000, 0x0000000793100000, 0x00000007d5500000)
  object space 312320K, 93% used [0x0000000780000000,0x0000000791d3d890,0x0000000793100000)
 PSPermGen       total 262144K, used 262143K [0x0000000770000000, 0x0000000780000000, 0x0000000780000000)
  object space 262144K, 99% used [0x0000000770000000,0x000000077ffffe68,0x0000000780000000)
Event: 5690.897 GC heap after
Heap after GC invocations=71 (full 28):
 PSYoungGen      total 600576K, used 61830K [0x00000007d5500000, 0x00000007fff00000, 0x0000000800000000)
  eden space 504832K, 0% used [0x00000007d5500000,0x00000007d5500000,0x00000007f4200000)
  from space 95744K, 64% used [0x00000007f4200000,0x00000007f7e61998,0x00000007f9f80000)
  to   space 96256K, 0% used [0x00000007fa100000,0x00000007fa100000,0x00000007fff00000)
 ParOldGen       total 312320K, used 292086K [0x0000000780000000, 0x0000000793100000, 0x00000007d5500000)
  object space 312320K, 93% used [0x0000000780000000,0x0000000791d3d890,0x0000000793100000)
 PSPermGen       total 262144K, used 262143K [0x0000000770000000, 0x0000000780000000, 0x0000000780000000)
  object space 262144K, 99% used [0x0000000770000000,0x000000077ffffe68,0x0000000780000000)
}
Event: 5690.897 GC heap before
{Heap before GC invocations=72 (full 29):
 PSYoungGen      total 600576K, used 61830K [0x00000007d5500000, 0x00000007fff00000, 0x0000000800000000)
  eden space 504832K, 0% used [0x00000007d5500000,0x00000007d5500000,0x00000007f4200000)
  from space 95744K, 64% used [0x00000007f4200000,0x00000007f7e61998,0x00000007f9f80000)
  to   space 96256K, 0% used [0x00000007fa100000,0x00000007fa100000,0x00000007fff00000)
 ParOldGen       total 312320K, used 292086K [0x0000000780000000, 0x0000000793100000, 0x00000007d5500000)
  object space 312320K, 93% used [0x0000000780000000,0x0000000791d3d890,0x0000000793100000)
 PSPermGen       total 262144K, used 262143K [0x0000000770000000, 0x0000000780000000, 0x0000000780000000)
  object space 262144K, 99% used [0x0000000770000000,0x000000077ffffe68,0x0000000780000000)

Deoptimization events (10 events):
Event: 5415.100 Thread 0x00007ff840003800 Uncommon trap: reason=class_check action=maybe_recompile pc=0x00007ff889a86768 method=com.sun.tools.javac.code.Types.isAssignable(Lcom/sun/tools/javac/code/Type;Lcom/sun/tools/javac/code/Type;Lcom/sun/tools/javac/util/Warner;)Z @ 20
Event: 5463.924 Thread 0x00007ff840003800 Uncommon trap: reason=null_check action=make_not_entrant pc=0x00007ff889b947c8 method=com.android.ide.common.res2.NodeUtils.processSingleNodeNamespace(Lorg/w3c/dom/Node;Lorg/w3c/dom/Document;)Z @ 8
Event: 5486.463 Thread 0x00007ff840003800 Uncommon trap: reason=null_check action=make_not_entrant pc=0x00007ff889bacb88 method=com.android.ide.common.res2.NodeUtils.processSingleNodeNamespace(Lorg/w3c/dom/Node;Lorg/w3c/dom/Document;)Z @ 8
Event: 5512.693 Thread 0x00007ff840003800 Uncommon trap: reason=null_check action=make_not_entrant pc=0x00007ff889bca948 method=com.android.ide.common.res2.NodeUtils.processSingleNodeNamespace(Lorg/w3c/dom/Node;Lorg/w3c/dom/Document;)Z @ 8
Event: 5547.276 Thread 0x00007ff840003800 Uncommon trap: reason=null_check action=make_not_entrant pc=0x00007ff889adb5c8 method=com.android.ide.common.res2.NodeUtils.processSingleNodeNamespace(Lorg/w3c/dom/Node;Lorg/w3c/dom/Document;)Z @ 8
Event: 5567.003 Thread 0x00007ff840003800 Uncommon trap: reason=null_check action=make_not_entrant pc=0x00007ff889bfe68c method=com.sun.org.apache.xerces.internal.impl.XMLErrorReporter.reset(Lcom/sun/org/apache/xerces/internal/xni/parser/XMLComponentManager;)V @ 22
Event: 5568.639 Thread 0x00007ff840003800 Uncommon trap: reason=null_check action=make_not_entrant pc=0x00007ff889c130c8 method=com.android.ide.common.res2.NodeUtils.processSingleNodeNamespace(Lorg/w3c/dom/Node;Lorg/w3c/dom/Document;)Z @ 8
Event: 5569.471 Thread 0x00007ff840003800 Uncommon trap: reason=class_check action=maybe_recompile pc=0x00007ff8898a6218 method=com.sun.tools.javac.code.Types.isAssignable(Lcom/sun/tools/javac/code/Type;Lcom/sun/tools/javac/code/Type;Lcom/sun/tools/javac/util/Warner;)Z @ 20
Event: 5609.815 Thread 0x00007ff840003800 Uncommon trap: reason=null_check action=make_not_entrant pc=0x00007ff889c3c148 method=com.android.ide.common.res2.NodeUtils.processSingleNodeNamespace(Lorg/w3c/dom/Node;Lorg/w3c/dom/Document;)Z @ 8
Event: 5686.353 Thread 0x00007ff840003800 Uncommon trap: reason=null_check action=make_not_entrant pc=0x00007ff889c5eac8 method=com.android.ide.common.res2.NodeUtils.processSingleNodeNamespace(Lorg/w3c/dom/Node;Lorg/w3c/dom/Document;)Z @ 8

Internal exceptions (10 events):
Event: 5686.520 Thread 0x00007ff840003800 Threw 0x00000007e64d7f20 at /HUDSON/workspace/7u-2-build-linux-amd64/jdk7u45/229/hotspot/src/share/vm/classfile/systemDictionary.cpp:185
Event: 5686.521 Thread 0x00007ff840003800 Threw 0x00000007e64e1080 at /HUDSON/workspace/7u-2-build-linux-amd64/jdk7u45/229/hotspot/src/share/vm/prims/jvm.cpp:1244
Event: 5686.521 Thread 0x00007ff840003800 Threw 0x00000007e64e5ca8 at /HUDSON/workspace/7u-2-build-linux-amd64/jdk7u45/229/hotspot/src/share/vm/prims/jvm.cpp:1244
Event: 5686.521 Thread 0x00007ff840003800 Threw 0x00000007e64e6070 at /HUDSON/workspace/7u-2-build-linux-amd64/jdk7u45/229/hotspot/src/share/vm/classfile/systemDictionary.cpp:185
Event: 5686.539 Thread 0x00007ff840003800 Threw 0x00000007e659a438 at /HUDSON/workspace/7u-2-build-linux-amd64/jdk7u45/229/hotspot/src/share/vm/prims/jvm.cpp:1244
Event: 5686.539 Thread 0x00007ff840003800 Threw 0x00000007e659b348 at /HUDSON/workspace/7u-2-build-linux-amd64/jdk7u45/229/hotspot/src/share/vm/prims/jvm.cpp:1244
Event: 5686.539 Thread 0x00007ff840003800 Threw 0x00000007e65a5918 at /HUDSON/workspace/7u-2-build-linux-amd64/jdk7u45/229/hotspot/src/share/vm/prims/jvm.cpp:1244
Event: 5688.088 Thread 0x00007ff840003800 Threw 0x00000007e8217b28 at /HUDSON/workspace/7u-2-build-linux-amd64/jdk7u45/229/hotspot/src/share/vm/prims/jvm.cpp:1244
Event: 5688.088 Thread 0x00007ff840003800 Threw 0x00000007e8218cb8 at /HUDSON/workspace/7u-2-build-linux-amd64/jdk7u45/229/hotspot/src/share/vm/prims/jvm.cpp:1244
Event: 5688.088 Thread 0x00007ff840003800 Threw 0x00000007e8223dd8 at /HUDSON/workspace/7u-2-build-linux-amd64/jdk7u45/229/hotspot/src/share/vm/prims/jvm.cpp:1244

Events (10 events):
Event: 5690.362 Thread 0x00007ff844387800 Thread exited: 0x00007ff844387800
Event: 5690.362 Thread 0x00007ff844023000 Thread exited: 0x00007ff844023000
Event: 5690.362 Executing VM operation: RevokeBias
Event: 5690.362 Executing VM operation: RevokeBias done
Event: 5690.363 Executing VM operation: RevokeBias
Event: 5690.363 Executing VM operation: RevokeBias done
Event: 5690.363 Thread 0x00007ff834d46800 Thread exited: 0x00007ff834d46800
Event: 5690.363 Executing VM operation: RevokeBias
Event: 5690.363 Executing VM operation: RevokeBias done
Event: 5690.822 Executing VM operation: ParallelGCFailedPermanentAllocation


Dynamic libraries:
00400000-00401000 r-xp 00000000 08:04 6690187                            /opt/jdk1.7.0_45/bin/java
00600000-00601000 rw-p 00000000 08:04 6690187                            /opt/jdk1.7.0_45/bin/java
01b8a000-01bab000 rw-p 00000000 00:00 0                                  [heap]
770000000-780000000 rw-p 00000000 00:00 0 
780000000-793100000 rw-p 00000000 00:00 0 
7a4080000-7d5500000 rw-p 00000000 00:00 0 
7d5500000-7fff00000 rw-p 00000000 00:00 0 
7fff00000-800000000 ---p 00000000 00:00 0 
7ff810000000-7ff810021000 rw-p 00000000 00:00 0 
7ff810021000-7ff814000000 ---p 00000000 00:00 0 
7ff818000000-7ff818021000 rw-p 00000000 00:00 0 
7ff818021000-7ff81c000000 ---p 00000000 00:00 0 
7ff81c000000-7ff81c021000 rw-p 00000000 00:00 0 
7ff81c021000-7ff820000000 ---p 00000000 00:00 0 
7ff820000000-7ff820021000 rw-p 00000000 00:00 0 
7ff820021000-7ff824000000 ---p 00000000 00:00 0 
7ff824000000-7ff824021000 rw-p 00000000 00:00 0 
7ff824021000-7ff828000000 ---p 00000000 00:00 0 
7ff828000000-7ff828021000 rw-p 00000000 00:00 0 
7ff828021000-7ff82c000000 ---p 00000000 00:00 0 
7ff82c000000-7ff82c021000 rw-p 00000000 00:00 0 
7ff82c021000-7ff830000000 ---p 00000000 00:00 0 
7ff830000000-7ff830021000 rw-p 00000000 00:00 0 
7ff830021000-7ff834000000 ---p 00000000 00:00 0 
7ff834000000-7ff834df0000 rw-p 00000000 00:00 0 
7ff834df0000-7ff838000000 ---p 00000000 00:00 0 
7ff838000000-7ff838ea8000 rw-p 00000000 00:00 0 
7ff838ea8000-7ff83c000000 ---p 00000000 00:00 0 
7ff83c000000-7ff83ce50000 rw-p 00000000 00:00 0 
7ff83ce50000-7ff840000000 ---p 00000000 00:00 0 
7ff840000000-7ff840021000 rw-p 00000000 00:00 0 
7ff840021000-7ff844000000 ---p 00000000 00:00 0 
7ff844000000-7ff844b01000 rw-p 00000000 00:00 0 
7ff844b01000-7ff848000000 ---p 00000000 00:00 0 
7ff848000000-7ff848021000 rw-p 00000000 00:00 0 
7ff848021000-7ff84c000000 ---p 00000000 00:00 0 
7ff84c000000-7ff84c03b000 rw-p 00000000 00:00 0 
7ff84c03b000-7ff850000000 ---p 00000000 00:00 0 
7ff850000000-7ff851e11000 rw-p 00000000 00:00 0 
7ff851e11000-7ff854000000 ---p 00000000 00:00 0 
7ff854000000-7ff854021000 rw-p 00000000 00:00 0 
7ff854021000-7ff858000000 ---p 00000000 00:00 0 
7ff858000000-7ff858021000 rw-p 00000000 00:00 0 
7ff858021000-7ff85c000000 ---p 00000000 00:00 0 
7ff85c000000-7ff85d1d6000 rw-p 00000000 00:00 0 
7ff85d1d6000-7ff860000000 ---p 00000000 00:00 0 
7ff860000000-7ff860021000 rw-p 00000000 00:00 0 
7ff860021000-7ff864000000 ---p 00000000 00:00 0 
7ff864000000-7ff864021000 rw-p 00000000 00:00 0 
7ff864021000-7ff868000000 ---p 00000000 00:00 0 
7ff868000000-7ff8684e2000 rw-p 00000000 00:00 0 
7ff8684e2000-7ff86c000000 ---p 00000000 00:00 0 
7ff86f800000-7ff874000000 rw-p 00000000 00:00 0 
7ff874000000-7ff8740b1000 rw-p 00000000 00:00 0 
7ff8740b1000-7ff878000000 ---p 00000000 00:00 0 
7ff878000000-7ff8780e0000 rw-p 00000000 00:00 0 
7ff8780e0000-7ff87c000000 ---p 00000000 00:00 0 
7ff87c000000-7ff87c095000 rw-p 00000000 00:00 0 
7ff87c095000-7ff880000000 ---p 00000000 00:00 0 
7ff881221000-7ff881222000 rw-p 00000000 00:00 0 
7ff881222000-7ff881225000 ---p 00000000 00:00 0 
7ff881225000-7ff881323000 rw-p 00000000 00:00 0                          [stack:7438]
7ff881323000-7ff881326000 ---p 00000000 00:00 0 
7ff881326000-7ff881424000 rw-p 00000000 00:00 0 
7ff881424000-7ff881427000 ---p 00000000 00:00 0 
7ff881427000-7ff881525000 rw-p 00000000 00:00 0 
7ff881525000-7ff881528000 ---p 00000000 00:00 0 
7ff881528000-7ff881626000 rw-p 00000000 00:00 0 
7ff881626000-7ff881629000 ---p 00000000 00:00 0 
7ff881629000-7ff881727000 rw-p 00000000 00:00 0 
7ff881727000-7ff88172a000 ---p 00000000 00:00 0 
7ff88172a000-7ff881828000 rw-p 00000000 00:00 0 
7ff881828000-7ff88182a000 r--s 0000d000 08:04 6691489                    /opt/Newandroid/android-studio/gradle/m2repository/commons-codec/commons-codec/1.4/commons-codec-1.4.jar
7ff88182a000-7ff88182c000 r--s 0000d000 08:04 6691249                    /opt/Newandroid/android-studio/gradle/m2repository/commons-logging/commons-logging/1.1.1/commons-logging-1.1.1.jar
7ff88182c000-7ff881831000 r--s 00028000 08:04 6691283                    /opt/Newandroid/android-studio/gradle/m2repository/org/apache/httpcomponents/httpcore/4.1/httpcore-4.1.jar
7ff881831000-7ff881839000 r--s 000a8000 08:04 6692452                    /opt/Newandroid/android-studio/gradle/m2repository/com/android/tools/external/lombok/lombok-ast/0.2.3/lombok-ast-0.2.3.jar
7ff881839000-7ff881864000 r--s 001f9000 08:04 6691373                    /opt/Newandroid/android-studio/gradle/m2repository/com/google/guava/guava/17.0/guava-17.0.jar
7ff881864000-7ff88186b000 r--s 00053000 08:04 6691300                    /opt/Newandroid/android-studio/gradle/m2repository/org/apache/commons/commons-compress/1.8.1/commons-compress-1.8.1.jar
7ff88186b000-7ff88186e000 r--s 00012000 08:04 6692462                    /opt/Newandroid/android-studio/gradle/m2repository/com/android/tools/layoutlib/layoutlib-api/24.1.0/layoutlib-api-24.1.0.jar
7ff88186e000-7ff881870000 r--s 00005000 08:04 6691276                    /opt/Newandroid/android-studio/gradle/m2repository/org/apache/httpcomponents/httpmime/4.1/httpmime-4.1.jar
7ff881870000-7ff881878000 r--s 0004e000 08:04 6691292                    /opt/Newandroid/android-studio/gradle/m2repository/org/apache/httpcomponents/httpclient/4.1.1/httpclient-4.1.1.jar
7ff881878000-7ff881879000 r--s 00005000 08:04 6692469                    /opt/Newandroid/android-studio/gradle/m2repository/com/android/tools/dvlib/24.1.0/dvlib-24.1.0.jar
7ff881879000-7ff88187a000 r--s 0000a000 08:04 6691485                    /opt/Newandroid/android-studio/gradle/m2repository/net/sf/kxml/kxml2/2.3.0/kxml2-2.3.0.jar
7ff88187a000-7ff88187b000 r--s 00001000 08:04 6692459                    /opt/Newandroid/android-studio/gradle/m2repository/com/android/tools/annotations/24.1.0/annotations-24.1.0.jar
7ff88187b000-7ff881880000 r--s 0002a000 08:04 6692437                    /opt/Newandroid/android-studio/gradle/m2repository/com/google/code/gson/gson/2.2.4/gson-2.2.4.jar
7ff881880000-7ff881883000 r--s 0002b000 08:04 6692448                    /opt/Newandroid/android-studio/gradle/m2repository/com/android/tools/lint/lint-api/24.1.0/lint-api-24.1.0.jar
7ff881883000-7ff881884000 r--s 00004000 08:04 6692402                    /opt/Newandroid/android-studio/gradle/m2repository/org/ow2/asm/asm-analysis/5.0.3/asm-analysis-5.0.3.jar
7ff881884000-7ff881892000 r--s 00081000 08:04 6691318                    /opt/Newandroid/android-studio/gradle/m2repository/org/bouncycastle/bcpkix-jdk15on/1.48/bcpkix-jdk15on-1.48.jar
7ff881892000-7ff881893000 r--s 0000c000 08:04 6692420                    /opt/Newandroid/android-studio/gradle/m2repository/org/ow2/asm/asm/5.0.3/asm-5.0.3.jar
7ff881893000-7ff881895000 r--s 00012000 08:04 6692473                    /opt/Newandroid/android-studio/gradle/m2repository/com/android/tools/common/24.1.0/common-24.1.0.jar
7ff881895000-7ff88189e000 r--s 000a9000 08:04 6692508                    /opt/Newandroid/android-studio/gradle/m2repository/com/android/tools/sdklib/24.1.0/sdklib-24.1.0.jar
7ff88189e000-7ff8818a0000 r--s 00002000 08:04 6691363                    /opt/Newandroid/android-studio/gradle/m2repository/com/squareup/javawriter/2.5.0/javawriter-2.5.0.jar
7ff8818a0000-7ff8818a5000 r--s 00042000 08:04 6692477                    /opt/Newandroid/android-studio/gradle/m2repository/com/android/tools/ddms/ddmlib/24.1.0/ddmlib-24.1.0.jar
7ff8818a5000-7ff8818a7000 r--s 00006000 08:04 6692426                    /opt/Newandroid/android-studio/gradle/m2repository/org/ow2/asm/asm-tree/5.0.3/asm-tree-5.0.3.jar
7ff8818a7000-7ff8818a8000 r--s 00002000 08:04 6692490                    /opt/Newandroid/android-studio/gradle/m2repository/com/android/tools/build/builder-test-api/1.1.0/builder-test-api-1.1.0.jar
7ff8818a8000-7ff8818db000 r--s 00203000 08:04 6691324                    /opt/Newandroid/android-studio/gradle/m2repository/org/bouncycastle/bcprov-jdk15on/1.48/bcprov-jdk15on-1.48.jar
7ff8818db000-7ff8818df000 r--s 00029000 08:04 6692504                    /opt/Newandroid/android-studio/gradle/m2repository/com/android/tools/build/manifest-merger/24.1.0/manifest-merger-24.1.0.jar
7ff8818df000-7ff8818e1000 r--s 00004000 08:04 6692487                    /opt/Newandroid/android-studio/gradle/m2repository/com/android/tools/build/builder-model/1.1.0/builder-model-1.1.0.jar
7ff8818e1000-7ff8818e8000 r--s 0005e000 08:04 6692466                    /opt/Newandroid/android-studio/gradle/m2repository/com/android/tools/sdk-common/24.1.0/sdk-common-24.1.0.jar
7ff8818e8000-7ff8818f8000 r--s 000d3000 08:04 6691467                    /opt/Newandroid/android-studio/gradle/m2repository/net/sf/proguard/proguard-base/5.1/proguard-base-5.1.jar
7ff8818f8000-7ff8818fd000 r--s 00091000 08:04 6692443                    /opt/Newandroid/android-studio/gradle/m2repository/com/android/tools/lint/lint-checks/24.1.0/lint-checks-24.1.0.jar
7ff8818fd000-7ff88190f000 r--s 00220000 08:04 6691837                    /opt/Newandroid/android-studio/gradle/m2repository/org/eclipse/jdt/core/compiler/ecj/4.4/ecj-4.4.jar
7ff88190f000-7ff881914000 r--s 00034000 08:04 6692482                    /opt/Newandroid/android-studio/gradle/m2repository/com/android/tools/build/builder/1.1.0/builder-1.1.0.jar
7ff881914000-7ff881925000 r--s 00140000 08:04 6692498                    /opt/Newandroid/android-studio/gradle/m2repository/com/android/tools/build/gradle-core/1.1.0/gradle-core-1.1.0.jar
7ff881925000-7ff881928000 ---p 00000000 00:00 0 
7ff881928000-7ff881a26000 rw-p 00000000 00:00 0                          [stack:4449]
7ff881a26000-7ff881a29000 ---p 00000000 00:00 0 
7ff881a29000-7ff881a5f000 rw-p 00000000 00:00 0                          [stack:7441]
7ff881a5f000-7ff881aca000 r--s 00e19000 08:04 6690184                    /opt/jdk1.7.0_45/lib/tools.jar
7ff881aca000-7ff881acd000 ---p 00000000 00:00 0 
7ff881acd000-7ff881bcb000 rw-p 00000000 00:00 0                          [stack:7437]
7ff881bcb000-7ff881bce000 ---p 00000000 00:00 0 
7ff881bce000-7ff881ccc000 rw-p 00000000 00:00 0                          [stack:7433]
7ff881ccc000-7ff881ccf000 ---p 00000000 00:00 0 
7ff881ccf000-7ff881dcd000 rw-p 00000000 00:00 0                          [stack:7432]
7ff881dcd000-7ff881dd0000 ---p 00000000 00:00 0 
7ff881dd0000-7ff881ece000 rw-p 00000000 00:00 0                          [stack:7434]
7ff881ece000-7ff881ed1000 ---p 00000000 00:00 0 
7ff881ed1000-7ff881fcf000 rw-p 00000000 00:00 0                          [stack:7431]
7ff881fcf000-7ff881fd2000 ---p 00000000 00:00 0 
7ff881fd2000-7ff8820d0000 rw-p 00000000 00:00 0                          [stack:4438]
7ff8820d0000-7ff8820e6000 r-xp 00000000 08:04 786437                     /lib/x86_64-linux-gnu/libgcc_s.so.1
7ff8820e6000-7ff8822e5000 ---p 00016000 08:04 786437                     /lib/x86_64-linux-gnu/libgcc_s.so.1
7ff8822e5000-7ff8822e6000 rw-p 00015000 08:04 786437                     /lib/x86_64-linux-gnu/libgcc_s.so.1
7ff8822e6000-7ff8823cc000 r-xp 00000000 08:04 5119165                    /usr/lib/x86_64-linux-gnu/libstdc++.so.6.0.19
7ff8823cc000-7ff8825cb000 ---p 000e6000 08:04 5119165                    /usr/lib/x86_64-linux-gnu/libstdc++.so.6.0.19
7ff8825cb000-7ff8825d3000 r--p 000e5000 08:04 5119165                    /usr/lib/x86_64-linux-gnu/libstdc++.so.6.0.19
7ff8825d3000-7ff8825d5000 rw-p 000ed000 08:04 5119165                    /usr/lib/x86_64-linux-gnu/libstdc++.so.6.0.19
7ff8825d5000-7ff8825ea000 rw-p 00000000 00:00 0 
7ff8825ea000-7ff8825eb000 r--s 00002000 08:04 6691472                    /opt/Newandroid/android-studio/gradle/m2repository/net/sf/proguard/proguard-gradle/5.1/proguard-gradle-5.1.jar
7ff8825eb000-7ff8825ed000 r--s 0001a000 08:04 6692439                    /opt/Newandroid/android-studio/gradle/m2repository/com/android/tools/lint/lint/24.1.0/lint-24.1.0.jar
7ff8825ed000-7ff8825ee000 r--s 00009000 08:04 6692495                    /opt/Newandroid/android-studio/gradle/m2repository/com/android/tools/build/gradle/1.1.0/gradle-1.1.0.jar
7ff8825ee000-7ff8825f8000 r--s 00250000 08:04 6950274                    /opt/jdk1.7.0_45/jre/lib/resources.jar
7ff8825f8000-7ff8825f9000 r--p 00000000 00:00 0 
7ff8825f9000-7ff882600000 r--s 00000000 08:04 5384849                    /usr/lib/x86_64-linux-gnu/gconv/gconv-modules.cache
7ff882600000-7ff882604000 r-xp 00000000 08:04 8267868                    /tmp/native-platform1632513633759077736dir/libnative-platform.so
7ff882604000-7ff882803000 ---p 00004000 08:04 8267868                    /tmp/native-platform1632513633759077736dir/libnative-platform.so
7ff882803000-7ff882804000 rw-p 00003000 08:04 8267868                    /tmp/native-platform1632513633759077736dir/libnative-platform.so
7ff882804000-7ff882808000 r--s 0008a000 08:04 6950281                    /opt/jdk1.7.0_45/jre/lib/jsse.jar
7ff882808000-7ff882809000 r--s 00001000 08:04 6691231                    /opt/Newandroid/android-studio/gradle/gradle-2.2.1/lib/plugins/gradle-plugin-development-2.2.1.jar
7ff882809000-7ff88280b000 r--s 00002000 08:04 6691152                    /opt/Newandroid/android-studio/gradle/gradle-2.2.1/lib/plugins/gradle-cunit-2.2.1.jar
7ff88280b000-7ff882810000 r--s 00036000 08:04 6691220                    /opt/Newandroid/android-studio/gradle/gradle-2.2.1/lib/plugins/gradle-ide-native-2.2.1.jar
7ff882810000-7ff882815000 r--s 00013000 08:04 6691190                    /opt/Newandroid/android-studio/gradle/gradle-2.2.1/lib/plugins/gradle-language-native-2.2.1.jar
7ff882815000-7ff882820000 r--s 0004d000 08:04 6691203                    /opt/Newandroid/android-studio/gradle/gradle-2.2.1/lib/plugins/gradle-platform-native-2.2.1.jar
7ff882820000-7ff882822000 r--s 00008000 08:04 6691174                    /opt/Newandroid/android-studio/gradle/gradle-2.2.1/lib/plugins/gradle-language-groovy-2.2.1.jar
7ff882822000-7ff882827000 r--s 00022000 08:04 6691239                    /opt/Newandroid/android-studio/gradle/gradle-2.2.1/lib/plugins/gradle-language-java-2.2.1.jar
7ff882827000-7ff88282a000 r--s 00007000 08:04 6691208                    /opt/Newandroid/android-studio/gradle/gradle-2.2.1/lib/plugins/gradle-language-jvm-2.2.1.jar
7ff88282a000-7ff88282d000 r--s 00009000 08:04 6691177                    /opt/Newandroid/android-studio/gradle/gradle-2.2.1/lib/plugins/gradle-platform-jvm-2.2.1.jar
7ff88282d000-7ff882832000 r--s 00018000 08:04 6691155                    /opt/Newandroid/android-studio/gradle/gradle-2.2.1/lib/plugins/gradle-platform-base-2.2.1.jar
7ff882832000-7ff882837000 r--s 00026000 08:04 6691241                    /opt/Newandroid/android-studio/gradle/gradle-2.2.1/lib/plugins/gradle-build-init-2.2.1.jar
7ff882837000-7ff88283a000 r--s 0001d000 08:04 6691221                    /opt/Newandroid/android-studio/gradle/gradle-2.2.1/lib/plugins/gradle-jacoco-2.2.1.jar
7ff88283a000-7ff88283d000 r--s 0000d000 08:04 6691213                    /opt/Newandroid/android-studio/gradle/gradle-2.2.1/lib/plugins/gradle-ivy-2.2.1.jar
7ff88283d000-7ff88283f000 r--s 00002000 08:04 6691215                    /opt/Newandroid/android-studio/gradle/gradle-2.2.1/lib/plugins/gradle-publish-2.2.1.jar
7ff88283f000-7ff882841000 r--s 00005000 08:04 6691182                    /opt/Newandroid/android-studio/gradle/gradle-2.2.1/lib/plugins/jatl-0.2.2.jar
7ff882841000-7ff882843000 r--s 0000f000 08:04 6691210                    /opt/Newandroid/android-studio/gradle/gradle-2.2.1/lib/plugins/gradle-reporting-2.2.1.jar
7ff882843000-7ff882848000 r--s 00034000 08:04 6691217                    /opt/Newandroid/android-studio/gradle/gradle-2.2.1/lib/plugins/gradle-diagnostics-2.2.1.jar
7ff882848000-7ff88284d000 r--s 00068000 08:04 6691197                    /opt/Newandroid/android-studio/gradle/gradle-2.2.1/lib/plugins/antlr-2.7.7.jar
7ff88284d000-7ff882854000 r--s 00090000 08:04 6691159                    /opt/Newandroid/android-studio/gradle/gradle-2.2.1/lib/plugins/gradle-build-comparison-2.2.1.jar
7ff882854000-7ff88285b000 r--s 00035000 08:04 6691198                    /opt/Newandroid/android-studio/gradle/gradle-2.2.1/lib/plugins/simple-4.1.21.jar
7ff88285b000-7ff882867000 r--s 00100000 08:04 6691229                    /opt/Newandroid/android-studio/gradle/gradle-2.2.1/lib/plugins/rhino-1.7R3.jar
7ff882867000-7ff88286c000 r--s 0001f000 08:04 6691216                    /opt/Newandroid/android-studio/gradle/gradle-2.2.1/lib/plugins/gradle-javascript-2.2.1.jar
7ff88286c000-7ff88286e000 r--s 0000e000 08:04 6691214                    /opt/Newandroid/android-studio/gradle/gradle-2.2.1/lib/plugins/gradle-ear-2.2.1.jar
7ff88286e000-7ff882872000 r--s 00025000 08:04 6691151                    /opt/Newandroid/android-studio/gradle/gradle-2.2.1/lib/plugins/bcpg-jdk15-1.46.jar
7ff882872000-7ff882875000 r--s 0001d000 08:04 6691162                    /opt/Newandroid/android-studio/gradle/gradle-2.2.1/lib/plugins/gradle-signing-2.2.1.jar
7ff882875000-7ff882876000 r--s 00002000 08:04 6691144                    /opt/Newandroid/android-studio/gradle/gradle-2.2.1/lib/plugins/sonar-batch-bootstrapper-2.9.jar
7ff882876000-7ff882879000 r--s 00018000 08:04 6691188                    /opt/Newandroid/android-studio/gradle/gradle-2.2.1/lib/plugins/gradle-sonar-2.2.1.jar
7ff882879000-7ff88287c000 r--s 00017000 08:04 6691173                    /opt/Newandroid/android-studio/gradle/gradle-2.2.1/lib/plugins/gradle-scala-2.2.1.jar
7ff88287c000-7ff88287e000 r--s 0000e000 08:04 6691179                    /opt/Newandroid/android-studio/gradle/gradle-2.2.1/lib/plugins/gradle-announce-2.2.1.jar
7ff88287e000-7ff88288c000 r--s 000bc000 08:04 6691156                    /opt/Newandroid/android-studio/gradle/gradle-2.2.1/lib/plugins/gradle-ide-2.2.1.jar
7ff88288c000-7ff88288e000 r--s 00000000 08:04 6691222                    /opt/Newandroid/android-studio/gradle/gradle-2.2.1/lib/plugins/plexus-component-annotations-1.5.2.jar
7ff88288e000-7ff882891000 r--s 0000c000 08:04 6691178                    /opt/Newandroid/android-studio/gradle/gradle-2.2.1/lib/plugins/pmaven-groovy-0.8-20100325.jar
7ff882891000-7ff882892000 r--s 00004000 08:04 6691199                    /opt/Newandroid/android-studio/gradle/gradle-2.2.1/lib/plugins/pmaven-common-0.8-20100325.jar
7ff882892000-7ff882896000 r--s 0001e000 08:04 6691196                    /opt/Newandroid/android-studio/gradle/gradle-2.2.1/lib/plugins/gradle-maven-2.2.1.jar
7ff882896000-7ff8828ae000 r--s 0013b000 08:04 6691233                    /opt/Newandroid/android-studio/gradle/gradle-2.2.1/lib/plugins/bndlib-2.1.0.jar
7ff8828ae000-7ff8828b0000 r--s 00004000 08:04 6691166                    /opt/Newandroid/android-studio/gradle/gradle-2.2.1/lib/plugins/gradle-osgi-2.2.1.jar
7ff8828b0000-7ff8828b1000 r--s 00002000 08:04 6691228                    /opt/Newandroid/android-studio/gradle/gradle-2.2.1/lib/plugins/ant-antlr-1.9.3.jar
7ff8828b1000-7ff8828b3000 r--s 00004000 08:04 6691219                    /opt/Newandroid/android-studio/gradle/gradle-2.2.1/lib/plugins/gradle-antlr-2.2.1.jar
7ff8828b3000-7ff8828b6000 r--s 0001e000 08:04 6691192                    /opt/Newandroid/android-studio/gradle/gradle-2.2.1/lib/plugins/jsp-api-2.1-6.1.14.jar
7ff8828b6000-7ff8828d9000 r--s 00344000 08:04 6691223                    /opt/Newandroid/android-studio/gradle/gradle-2.2.1/lib/plugins/core-3.1.1.jar
7ff8828d9000-7ff8828da000 r--s 00006000 08:04 6691242                    /opt/Newandroid/android-studio/gradle/gradle-2.2.1/lib/plugins/jetty-naming-6.1.25.jar
7ff8828da000-7ff8828db000 r--s 00002000 08:04 6691171                    /opt/Newandroid/android-studio/gradle/gradle-2.2.1/lib/plugins/geronimo-annotation_1.0_spec-1.0.jar
7ff8828db000-7ff8828dd000 r--s 00002000 08:04 6691184                    /opt/Newandroid/android-studio/gradle/gradle-2.2.1/lib/plugins/jetty-annotations-6.1.25.jar
7ff8828dd000-7ff8828ee000 r--s 000ea000 08:04 6691204                    /opt/Newandroid/android-studio/gradle/gradle-2.2.1/lib/plugins/jsp-2.1-6.1.14.jar
7ff8828ee000-7ff8828f0000 r--s 0000d000 08:04 6691154                    /opt/Newandroid/android-studio/gradle/gradle-2.2.1/lib/plugins/jetty-plus-6.1.25.jar
7ff8828f0000-7ff8828f2000 r--s 0001f000 08:04 6691176                    /opt/Newandroid/android-studio/gradle/gradle-2.2.1/lib/plugins/servlet-api-2.5-20081211.jar
7ff8828f2000-7ff8828f6000 r--s 00028000 08:04 6691145                    /opt/Newandroid/android-studio/gradle/gradle-2.2.1/lib/plugins/jetty-util-6.1.25.jar
7ff8828f6000-7ff8828fd000 r--s 0007d000 08:04 6691206                    /opt/Newandroid/android-studio/gradle/gradle-2.2.1/lib/plugins/jetty-6.1.25.jar
7ff8828fd000-7ff8828ff000 r--s 00009000 08:04 6691165                    /opt/Newandroid/android-studio/gradle/gradle-2.2.1/lib/plugins/gradle-jetty-2.2.1.jar
7ff8828ff000-7ff882904000 r--s 00041000 08:04 6691168                    /opt/Newandroid/android-studio/gradle/gradle-2.2.1/lib/plugins/gradle-code-quality-2.2.1.jar
7ff882904000-7ff882906000 r--s 00009000 08:04 6691172                    /opt/Newandroid/android-studio/gradle/gradle-2.2.1/lib/plugins/hamcrest-core-1.3.jar
7ff882906000-7ff88290c000 r--s 00033000 08:04 6691209                    /opt/Newandroid/android-studio/gradle/gradle-2.2.1/lib/plugins/snakeyaml-1.6.jar
7ff88290c000-7ff88290e000 r--s 00006000 08:04 6691157                    /opt/Newandroid/android-studio/gradle/gradle-2.2.1/lib/plugins/jcommander-1.12.jar
7ff88290e000-7ff882913000 r--s 00040000 08:04 6691218                    /opt/Newandroid/android-studio/gradle/gradle-2.2.1/lib/plugins/bsh-2.0b4.jar
7ff882913000-7ff882915000 r--s 00009000 08:04 6691149                    /opt/Newandroid/android-studio/gradle/gradle-2.2.1/lib/plugins/commons-cli-1.2.jar
7ff882915000-7ff88291e000 r--s 00089000 08:04 6691169                    /opt/Newandroid/android-studio/gradle/gradle-2.2.1/lib/plugins/testng-6.3.1.jar
7ff88291e000-7ff882924000 r--s 00036000 08:04 6691193                    /opt/Newandroid/android-studio/gradle/gradle-2.2.1/lib/plugins/junit-4.11.jar
7ff882924000-7ff882930000 r--s 00075000 08:04 6691163                    /opt/Newandroid/android-studio/gradle/gradle-2.2.1/lib/plugins/gradle-plugins-2.2.1.jar
7ff882930000-7ff882933000 r--s 00011000 08:04 6691146                    /opt/Newandroid/android-studio/gradle/gradle-2.2.1/lib/plugins/gradle-plugin-use-2.2.1.jar
7ff882933000-7ff88294b000 r--s 00115000 08:04 6691201                    /opt/Newandroid/android-studio/gradle/gradle-2.2.1/lib/plugins/xercesImpl-2.9.1.jar
7ff88294b000-7ff882953000 r--s 00028000 08:04 6691185                    /opt/Newandroid/android-studio/gradle/gradle-2.2.1/lib/plugins/xml-apis-1.3.04.jar
7ff882953000-7ff882959000 r--s 0005b000 08:04 6691148                    /opt/Newandroid/android-studio/gradle/gradle-2.2.1/lib/plugins/jcifs-1.3.17.jar
7ff882959000-7ff88295f000 r--s 00031000 08:04 6691158                    /opt/Newandroid/android-studio/gradle/gradle-2.2.1/lib/plugins/httpcore-4.2.2.jar
7ff88295f000-7ff882965000 r--s 00033000 08:04 6691147                    /opt/Newandroid/android-studio/gradle/gradle-2.2.1/lib/plugins/commons-codec-1.6.jar
7ff882965000-7ff882968000 r--s 0001c000 08:04 6691237                    /opt/Newandroid/android-studio/gradle/gradle-2.2.1/lib/plugins/nekohtml-1.9.14.jar
7ff882968000-7ff882971000 r--s 00060000 08:04 6691170                    /opt/Newandroid/android-studio/gradle/gradle-2.2.1/lib/plugins/httpclient-4.2.2.jar
7ff882971000-7ff882973000 r--s 00007000 08:04 6691227                    /opt/Newandroid/android-studio/gradle/gradle-2.2.1/lib/plugins/gradle-resources-http-2.2.1.jar
7ff882973000-7ff88299b000 r--s 00194000 08:04 6691183                    /opt/Newandroid/android-studio/gradle/gradle-2.2.1/lib/plugins/bcprov-jdk15-1.46.jar
7ff88299b000-7ff88299f000 r--s 0001d000 08:04 6691224                    /opt/Newandroid/android-studio/gradle/gradle-2.2.1/lib/plugins/xbean-reflect-3.4.jar
7ff88299f000-7ff8829a4000 r--s 0002a000 08:04 6691234                    /opt/Newandroid/android-studio/gradle/gradle-2.2.1/lib/plugins/gson-2.2.4.jar
7ff8829a4000-7ff8829a8000 r--s 0003d000 08:04 6691189                    /opt/Newandroid/android-studio/gradle/gradle-2.2.1/lib/plugins/jsch-0.1.51.jar
7ff8829a8000-7ff8829c1000 r--s 00129000 08:04 6691230                    /opt/Newandroid/android-studio/gradle/gradle-2.2.1/lib/plugins/maven-ant-tasks-2.1.3.jar
7ff8829c1000-7ff8829d0000 r--s 000d9000 08:04 6691212                    /opt/Newandroid/android-studio/gradle/gradle-2.2.1/lib/plugins/ivy-2.2.0.jar
7ff8829d0000-7ff8829d4000 r--s 0001e000 08:04 6691186                    /opt/Newandroid/android-studio/gradle/gradle-2.2.1/lib/plugins/jarjar-aether-impl-1.13.1.jar
7ff8829d4000-7ff8829d7000 r--s 00027000 08:04 6691191                    /opt/Newandroid/android-studio/gradle/gradle-2.2.1/lib/plugins/jarjar-maven-model-3.0.4.jar
7ff8829d7000-7ff8829da000 r--s 0000b000 08:04 6691181                    /opt/Newandroid/android-studio/gradle/gradle-2.2.1/lib/plugins/jarjar-maven-artifact-3.0.4.jar
7ff8829da000-7ff8829de000 r--s 0001e000 08:04 6691161                    /opt/Newandroid/android-studio/gradle/gradle-2.2.1/lib/plugins/jarjar-aether-util-1.13.1.jar
7ff8829de000-7ff8829e0000 r--s 00007000 08:04 6691235                    /opt/Newandroid/android-studio/gradle/gradle-2.2.1/lib/plugins/jarjar-wagon-http-shared4-2.4.jar
7ff8829e0000-7ff8829ed000 r--s 00083000 08:04 6691160                    /opt/Newandroid/android-studio/gradle/gradle-2.2.1/lib/plugins/jarjar-maven-core-3.0.4.jar
7ff8829ed000-7ff8829ef000 r--s 00003000 08:04 6691211                    /opt/Newandroid/android-studio/gradle/gradle-2.2.1/lib/plugins/jarjar-aether-spi-1.13.1.jar
7ff8829ef000-7ff8829f1000 r--s 00009000 08:04 6691200                    /opt/Newandroid/android-studio/gradle/gradle-2.2.1/lib/plugins/jarjar-maven-settings-builder-3.0.4.jar
7ff8829f1000-7ff8829f5000 r--s 00014000 08:04 6691175                    /opt/Newandroid/android-studio/gradle/gradle-2.2.1/lib/plugins/jarjar-aether-api-1.13.1.jar
7ff8829f5000-7ff8829f6000 r--s 00002000 08:04 6691225                    /opt/Newandroid/android-studio/gradle/gradle-2.2.1/lib/plugins/jarjar-wagon-http-2.4.jar
7ff8829f6000-7ff8829fd000 r--s 00042000 08:04 6691164                    /opt/Newandroid/android-studio/gradle/gradle-2.2.1/lib/plugins/jarjar-maven-compat-3.0.4.jar
7ff8829fd000-7ff8829ff000 r--s 00006000 08:04 6691180                    /opt/Newandroid/android-studio/gradle/gradle-2.2.1/lib/plugins/jarjar-aether-connector-wagon-1.13.1.jar
7ff8829ff000-7ff882a01000 r--s 00000000 08:04 6691167                    /opt/Newandroid/android-studio/gradle/gradle-2.2.1/lib/plugins/jarjar-plexus-component-annotations-1.5.5.jar
7ff882a01000-7ff882a03000 r--s 00006000 08:04 6691153                    /opt/Newandroid/android-studio/gradle/gradle-2.2.1/lib/plugins/jarjar-plexus-sec-dispatcher-1.3.jar
7ff882a03000-7ff882a08000 r--s 00022000 08:04 6691226                    /opt/Newandroid/android-studio/gradle/gradle-2.2.1/lib/plugins/jarjar-maven-model-builder-3.0.4.jar
7ff882a08000-7ff882a0a000 r--s 0000b000 08:04 6691195                    /opt/Newandroid/android-studio/gradle/gradle-2.2.1/lib/plugins/jarjar-maven-plugin-api-3.0.4.jar
7ff882a0a000-7ff882a0d000 r--s 0000a000 08:04 6691150                    /opt/Newandroid/android-studio/gradle/gradle-2.2.1/lib/plugins/jarjar-plexus-classworlds-2.4.jar
7ff882a0d000-7ff882a11000 r--s 00035000 08:04 6691236                    /opt/Newandroid/android-studio/gradle/gradle-2.2.1/lib/plugins/jarjar-plexus-utils-2.0.6.jar
7ff882a11000-7ff882a13000 r--s 0000e000 08:04 6691238                    /opt/Newandroid/android-studio/gradle/gradle-2.2.1/lib/plugins/jarjar-plexus-interpolation-1.14.jar
7ff882a13000-7ff882a15000 r--s 00002000 08:04 6691187                    /opt/Newandroid/android-studio/gradle/gradle-2.2.1/lib/plugins/jarjar-plexus-cipher-1.7.jar
7ff882a15000-7ff882a17000 r--s 0000c000 08:04 6691232                    /opt/Newandroid/android-studio/gradle/gradle-2.2.1/lib/plugins/jarjar-wagon-provider-api-2.4.jar
7ff882a17000-7ff882a19000 r--s 0000d000 08:04 6691240                    /opt/Newandroid/android-studio/gradle/gradle-2.2.1/lib/plugins/jarjar-maven-aether-provider-3.0.4.jar
7ff882a19000-7ff882a21000 r--s 00031000 08:04 6691207                    /opt/Newandroid/android-studio/gradle/gradle-2.2.1/lib/plugins/jarjar-plexus-container-default-1.5.5.jar
7ff882a21000-7ff882a22000 r--s 00007000 08:04 6691194                    /opt/Newandroid/android-studio/gradle/gradle-2.2.1/lib/plugins/jarjar-maven-repository-metadata-3.0.4.jar
7ff882a22000-7ff882a23000 r--s 0000b000 08:04 6691205                    /opt/Newandroid/android-studio/gradle/gradle-2.2.1/lib/plugins/jarjar-maven-settings-3.0.4.jar
7ff882a23000-7ff882a3b000 r--s 000b5000 08:04 6691202                    /opt/Newandroid/android-studio/gradle/gradle-2.2.1/lib/plugins/gradle-dependency-management-2.2.1.jar
7ff882a3b000-7ff882a6c000 rw-p 00000000 00:00 0 
7ff882a6c000-7ff882a82000 r-xp 00000000 08:04 7733453                    /opt/jdk1.7.0_45/jre/lib/amd64/libnet.so
7ff882a82000-7ff882c82000 ---p 00016000 08:04 7733453                    /opt/jdk1.7.0_45/jre/lib/amd64/libnet.so
7ff882c82000-7ff882c83000 rw-p 00016000 08:04 7733453                    /opt/jdk1.7.0_45/jre/lib/amd64/libnet.so
7ff882c83000-7ff882c93000 r-xp 00000000 08:04 7733502                    /opt/jdk1.7.0_45/jre/lib/amd64/libnio.so
7ff882c93000-7ff882e93000 ---p 00010000 08:04 7733502                    /opt/jdk1.7.0_45/jre/lib/amd64/libnio.so
7ff882e93000-7ff882e94000 rw-p 00010000 08:04 7733502                    /opt/jdk1.7.0_45/jre/lib/amd64/libnio.so
7ff882e94000-7ff882e95000 r--s 00005000 08:04 6691121                    /opt/Newandroid/android-studio/gradle/gradle-2.2.1/lib/gradle-wrapper-2.2.1.jar
7ff882e95000-7ff882e9e000 r--s 0002c000 08:04 6691126                    /opt/Newandroid/android-studio/gradle/gradle-2.2.1/lib/gradle-tooling-api-2.2.1.jar
7ff882e9e000-7ff882ea0000 r--s 00002000 08:04 6691136                    /opt/Newandroid/android-studio/gradle/gradle-2.2.1/lib/gradle-open-api-2.2.1.jar
7ff882ea0000-7ff882ea6000 r--s 00032000 08:04 6691129                    /opt/Newandroid/android-studio/gradle/gradle-2.2.1/lib/jaxen-1.1.jar
7ff882ea6000-7ff882eab000 r--s 00048000 08:04 6691100                    /opt/Newandroid/android-studio/gradle/gradle-2.2.1/lib/dom4j-1.6.1.jar
7ff882eab000-7ff882eb6000 r--s 00059000 08:04 6691139                    /opt/Newandroid/android-studio/gradle/gradle-2.2.1/lib/gradle-ui-2.2.1.jar
7ff882eb6000-7ff882eb8000 r--s 00006000 08:04 6691103                    /opt/Newandroid/android-studio/gradle/gradle-2.2.1/lib/gradle-resources-2.2.1.jar
7ff882eb8000-7ff882eba000 r--s 00007000 08:04 6691131                    /opt/Newandroid/android-studio/gradle/gradle-2.2.1/lib/objenesis-1.2.jar
7ff882eba000-7ff882ebc000 r--s 00000000 08:04 6691132                    /opt/Newandroid/android-studio/gradle/gradle-2.2.1/lib/minlog-1.2.jar
7ff882ebc000-7ff882ec0000 r--s 00026000 08:04 6691243                    /opt/Newandroid/android-studio/gradle/gradle-2.2.1/lib/kryo-2.20.jar
7ff882ec0000-7ff882f2b000 r--s 00685000 08:04 6691097                    /opt/Newandroid/android-studio/gradle/gradle-2.2.1/lib/groovy-all-2.3.6.jar
7ff882f2b000-7ff882f2c000 ---p 00000000 00:00 0 
7ff882f2c000-7ff88302c000 rw-p 00000000 00:00 0                          [stack:4437]
7ff88302c000-7ff88302f000 ---p 00000000 00:00 0 
7ff88302f000-7ff88312d000 rw-p 00000000 00:00 0                          [stack:4436]
7ff88312d000-7ff883130000 ---p 00000000 00:00 0 
7ff883130000-7ff88322e000 rw-p 00000000 00:00 0                          [stack:4435]
7ff88322e000-7ff883231000 ---p 00000000 00:00 0 
7ff883231000-7ff88332f000 rw-p 00000000 00:00 0                          [stack:4434]
7ff88332f000-7ff883332000 ---p 00000000 00:00 0 
7ff883332000-7ff883430000 rw-p 00000000 00:00 0                          [stack:4433]
7ff883430000-7ff883dfe000 r--p 00000000 08:04 5116654                    /usr/lib/locale/locale-archive
7ff883dfe000-7ff883e01000 ---p 00000000 00:00 0 
7ff883e01000-7ff883eff000 rw-p 00000000 00:00 0                          [stack:4432]
7ff883eff000-7ff883f02000 ---p 00000000 00:00 0 
7ff883f02000-7ff884000000 rw-p 00000000 00:00 0                          [stack:4431]
7ff884000000-7ff8840e3000 rw-p 00000000 00:00 0 
7ff8840e3000-7ff888000000 ---p 00000000 00:00 0 
7ff888000000-7ff888002000 r--s 0000f000 08:04 6691137                    /opt/Newandroid/android-studio/gradle/gradle-2.2.1/lib/reflectasm-1.07-shaded.jar
7ff888002000-7ff88800b000 r--s 00039000 08:04 6691128                    /opt/Newandroid/android-studio/gradle/gradle-2.2.1/lib/gradle-messaging-2.2.1.jar
7ff88800b000-7ff88800c000 r--s 00003000 08:04 6691141                    /opt/Newandroid/android-studio/gradle/gradle-2.2.1/lib/native-platform-freebsd-amd64-0.10.jar
7ff88800c000-7ff88800d000 r--s 00003000 08:04 6691123                    /opt/Newandroid/android-studio/gradle/gradle-2.2.1/lib/native-platform-freebsd-i386-0.10.jar
7ff88800d000-7ff88800e000 r--s 00005000 08:04 6691127                    /opt/Newandroid/android-studio/gradle/gradle-2.2.1/lib/native-platform-windows-i386-0.10.jar
7ff88800e000-7ff88800f000 r--s 00005000 08:04 6691096                    /opt/Newandroid/android-studio/gradle/gradle-2.2.1/lib/native-platform-windows-amd64-0.10.jar
7ff88800f000-7ff888010000 r--s 00003000 08:04 6691099                    /opt/Newandroid/android-studio/gradle/gradle-2.2.1/lib/native-platform-linux-i386-0.10.jar
7ff888010000-7ff888011000 r--s 00003000 08:04 6691107                    /opt/Newandroid/android-studio/gradle/gradle-2.2.1/lib/native-platform-linux-amd64-0.10.jar
7ff888011000-7ff888012000 r--s 00002000 08:04 6691244                    /opt/Newandroid/android-studio/gradle/gradle-2.2.1/lib/native-platform-osx-amd64-0.10.jar
7ff888012000-7ff888013000 r--s 00002000 08:04 6691119                    /opt/Newandroid/android-studio/gradle/gradle-2.2.1/lib/native-platform-osx-i386-0.10.jar
7ff888013000-7ff888015000 r--s 00008000 08:04 6691118                    /opt/Newandroid/android-studio/gradle/gradle-2.2.1/lib/jansi-1.2.1.jar
7ff888015000-7ff888018000 r--s 0000d000 08:04 6691133                    /opt/Newandroid/android-studio/gradle/gradle-2.2.1/lib/native-platform-0.10.jar
7ff888018000-7ff88801c000 r--s 000e4000 08:04 6691098                    /opt/Newandroid/android-studio/gradle/gradle-2.2.1/lib/jna-3.2.7.jar
7ff88801c000-7ff88801e000 r--s 00008000 08:04 6691117                    /opt/Newandroid/android-studio/gradle/gradle-2.2.1/lib/gradle-native-2.2.1.jar
7ff88801e000-7ff888020000 r--s 00005000 08:04 6691140                    /opt/Newandroid/android-studio/gradle/gradle-2.2.1/lib/gradle-cli-2.2.1.jar
7ff888020000-7ff888022000 r--s 00003000 08:04 6691105                    /opt/Newandroid/android-studio/gradle/gradle-2.2.1/lib/gradle-base-services-groovy-2.2.1.jar
7ff888022000-7ff888024000 r--s 0000a000 08:04 6691113                    /opt/Newandroid/android-studio/gradle/gradle-2.2.1/lib/gradle-model-groovy-2.2.1.jar
7ff888024000-7ff888028000 r--s 0001b000 08:04 6691109                    /opt/Newandroid/android-studio/gradle/gradle-2.2.1/lib/gradle-model-core-2.2.1.jar
7ff888028000-7ff888029000 r--s 00000000 08:04 6691122                    /opt/Newandroid/android-studio/gradle/gradle-2.2.1/lib/gradle-docs-2.2.1.jar
7ff888029000-7ff88802b000 r--s 00003000 08:04 6691106                    /opt/Newandroid/android-studio/gradle/gradle-2.2.1/lib/jcl-over-slf4j-1.7.7.jar
7ff88802b000-7ff88802e000 r--s 0001b000 08:04 6691108                    /opt/Newandroid/android-studio/gradle/gradle-2.2.1/lib/jarjar-1.3.jar
7ff88802e000-7ff888030000 r--s 00000000 08:04 6691130                    /opt/Newandroid/android-studio/gradle/gradle-2.2.1/lib/jul-to-slf4j-1.7.7.jar
7ff888030000-7ff888036000 r--s 0003b000 08:04 6691102                    /opt/Newandroid/android-studio/gradle/gradle-2.2.1/lib/logback-classic-1.0.13.jar
7ff888036000-7ff888040000 r--s 0005d000 08:04 6691112                    /opt/Newandroid/android-studio/gradle/gradle-2.2.1/lib/logback-core-1.0.13.jar
7ff888040000-7ff888045000 r--s 00041000 08:04 6691101                    /opt/Newandroid/android-studio/gradle/gradle-2.2.1/lib/commons-lang-2.6.jar
7ff888045000-7ff888053000 r--s 0007f000 08:04 6691135                    /opt/Newandroid/android-studio/gradle/gradle-2.2.1/lib/commons-collections-3.2.1.jar
7ff888053000-7ff888058000 r--s 00036000 08:04 6691124                    /opt/Newandroid/android-studio/gradle/gradle-2.2.1/lib/asm-all-5.0.3.jar
7ff888058000-7ff888080000 r--s 001cf000 08:04 6691115                    /opt/Newandroid/android-studio/gradle/gradle-2.2.1/lib/guava-jdk5-17.0.jar
7ff888080000-7ff88809f000 r--s 001cc000 08:04 6691104                    /opt/Newandroid/android-studio/gradle/gradle-2.2.1/lib/ant-1.9.3.jar
7ff88809f000-7ff8880d0000 r--s 00191000 08:04 6691110                    /opt/Newandroid/android-studio/gradle/gradle-2.2.1/lib/gradle-core-2.2.1.jar
7ff8880d0000-7ff8880d1000 ---p 00000000 00:00 0 
7ff8880d1000-7ff889000000 rw-p 00000000 00:00 0                          [stack:4430]
7ff889000000-7ff889ca0000 rwxp 00000000 00:00 0 
7ff889ca0000-7ff88c693000 rw-p 00000000 00:00 0 
7ff88c693000-7ff890000000 ---p 00000000 00:00 0 
7ff890000000-7ff890001000 r--s 00005000 08:04 6691134                    /opt/Newandroid/android-studio/gradle/gradle-2.2.1/lib/log4j-over-slf4j-1.7.7.jar
7ff890001000-7ff890004000 r--s 00018000 08:04 6691142                    /opt/Newandroid/android-studio/gradle/gradle-2.2.1/lib/commons-io-1.4.jar
7ff890004000-7ff89000a000 r--s 00026000 08:04 6691120                    /opt/Newandroid/android-studio/gradle/gradle-2.2.1/lib/gradle-base-services-2.2.1.jar
7ff89000a000-7ff8901b9000 rw-p 00000000 00:00 0 
7ff8901b9000-7ff890375000 r--s 039b2000 08:04 6950261                    /opt/jdk1.7.0_45/jre/lib/rt.jar
7ff890375000-7ff89091b000 rw-p 00000000 00:00 0 
7ff89091b000-7ff89091c000 ---p 00000000 00:00 0 
7ff89091c000-7ff890a1c000 rw-p 00000000 00:00 0                          [stack:4429]
7ff890a1c000-7ff890a1d000 ---p 00000000 00:00 0 
7ff890a1d000-7ff890b1d000 rw-p 00000000 00:00 0                          [stack:4428]
7ff890b1d000-7ff890b1e000 ---p 00000000 00:00 0 
7ff890b1e000-7ff890c1e000 rw-p 00000000 00:00 0                          [stack:4427]
7ff890c1e000-7ff890c1f000 ---p 00000000 00:00 0 
7ff890c1f000-7ff890d9f000 rw-p 00000000 00:00 0                          [stack:4426]
7ff890d9f000-7ff890e38000 rw-p 00000000 00:00 0 
7ff890e38000-7ff890e6d000 ---p 00000000 00:00 0 
7ff890e6d000-7ff89104a000 rw-p 00000000 00:00 0 
7ff89104a000-7ff8910ca000 rw-p 00000000 00:00 0 
7ff8910ca000-7ff891163000 rw-p 00000000 00:00 0 
7ff891163000-7ff891198000 ---p 00000000 00:00 0 
7ff891198000-7ff891374000 rw-p 00000000 00:00 0 
7ff891374000-7ff8914ca000 rw-p 00000000 00:00 0 
7ff8914ca000-7ff8914cb000 rw-p 00000000 00:00 0 
7ff8914cb000-7ff8914e5000 r-xp 00000000 08:04 7733478                    /opt/jdk1.7.0_45/jre/lib/amd64/libzip.so
7ff8914e5000-7ff8916e5000 ---p 0001a000 08:04 7733478                    /opt/jdk1.7.0_45/jre/lib/amd64/libzip.so
7ff8916e5000-7ff8916e6000 rw-p 0001a000 08:04 7733478                    /opt/jdk1.7.0_45/jre/lib/amd64/libzip.so
7ff8916e6000-7ff8916f1000 r-xp 00000000 08:04 790406                     /lib/x86_64-linux-gnu/libnss_files-2.19.so
7ff8916f1000-7ff8918f0000 ---p 0000b000 08:04 790406                     /lib/x86_64-linux-gnu/libnss_files-2.19.so
7ff8918f0000-7ff8918f1000 r--p 0000a000 08:04 790406                     /lib/x86_64-linux-gnu/libnss_files-2.19.so
7ff8918f1000-7ff8918f2000 rw-p 0000b000 08:04 790406                     /lib/x86_64-linux-gnu/libnss_files-2.19.so
7ff8918f2000-7ff8918fd000 r-xp 00000000 08:04 790500                     /lib/x86_64-linux-gnu/libnss_nis-2.19.so
7ff8918fd000-7ff891afc000 ---p 0000b000 08:04 790500                     /lib/x86_64-linux-gnu/libnss_nis-2.19.so
7ff891afc000-7ff891afd000 r--p 0000a000 08:04 790500                     /lib/x86_64-linux-gnu/libnss_nis-2.19.so
7ff891afd000-7ff891afe000 rw-p 0000b000 08:04 790500                     /lib/x86_64-linux-gnu/libnss_nis-2.19.so
7ff891afe000-7ff891b15000 r-xp 00000000 08:04 790438                     /lib/x86_64-linux-gnu/libnsl-2.19.so
7ff891b15000-7ff891d14000 ---p 00017000 08:04 790438                     /lib/x86_64-linux-gnu/libnsl-2.19.so
7ff891d14000-7ff891d15000 r--p 00016000 08:04 790438                     /lib/x86_64-linux-gnu/libnsl-2.19.so
7ff891d15000-7ff891d16000 rw-p 00017000 08:04 790438                     /lib/x86_64-linux-gnu/libnsl-2.19.so
7ff891d16000-7ff891d18000 rw-p 00000000 00:00 0 
7ff891d18000-7ff891d21000 r-xp 00000000 08:04 790437                     /lib/x86_64-linux-gnu/libnss_compat-2.19.so
7ff891d21000-7ff891f20000 ---p 00009000 08:04 790437                     /lib/x86_64-linux-gnu/libnss_compat-2.19.so
7ff891f20000-7ff891f21000 r--p 00008000 08:04 790437                     /lib/x86_64-linux-gnu/libnss_compat-2.19.so
7ff891f21000-7ff891f22000 rw-p 00009000 08:04 790437                     /lib/x86_64-linux-gnu/libnss_compat-2.19.so
7ff891f22000-7ff891f4b000 r-xp 00000000 08:04 7733469                    /opt/jdk1.7.0_45/jre/lib/amd64/libjava.so
7ff891f4b000-7ff89214b000 ---p 00029000 08:04 7733469                    /opt/jdk1.7.0_45/jre/lib/amd64/libjava.so
7ff89214b000-7ff89214d000 rw-p 00029000 08:04 7733469                    /opt/jdk1.7.0_45/jre/lib/amd64/libjava.so
7ff89214d000-7ff89215a000 r-xp 00000000 08:04 7733458                    /opt/jdk1.7.0_45/jre/lib/amd64/libverify.so
7ff89215a000-7ff892359000 ---p 0000d000 08:04 7733458                    /opt/jdk1.7.0_45/jre/lib/amd64/libverify.so
7ff892359000-7ff89235b000 rw-p 0000c000 08:04 7733458                    /opt/jdk1.7.0_45/jre/lib/amd64/libverify.so
7ff89235b000-7ff892362000 r-xp 00000000 08:04 790497                     /lib/x86_64-linux-gnu/librt-2.19.so
7ff892362000-7ff892561000 ---p 00007000 08:04 790497                     /lib/x86_64-linux-gnu/librt-2.19.so
7ff892561000-7ff892562000 r--p 00006000 08:04 790497                     /lib/x86_64-linux-gnu/librt-2.19.so
7ff892562000-7ff892563000 rw-p 00007000 08:04 790497                     /lib/x86_64-linux-gnu/librt-2.19.so
7ff892563000-7ff892668000 r-xp 00000000 08:04 790405                     /lib/x86_64-linux-gnu/libm-2.19.so
7ff892668000-7ff892867000 ---p 00105000 08:04 790405                     /lib/x86_64-linux-gnu/libm-2.19.so
7ff892867000-7ff892868000 r--p 00104000 08:04 790405                     /lib/x86_64-linux-gnu/libm-2.19.so
7ff892868000-7ff892869000 rw-p 00105000 08:04 790405                     /lib/x86_64-linux-gnu/libm-2.19.so
7ff892869000-7ff8933cb000 r-xp 00000000 08:04 7733476                    /opt/jdk1.7.0_45/jre/lib/amd64/server/libjvm.so
7ff8933cb000-7ff8935cb000 ---p 00b62000 08:04 7733476                    /opt/jdk1.7.0_45/jre/lib/amd64/server/libjvm.so
7ff8935cb000-7ff89368e000 rw-p 00b62000 08:04 7733476                    /opt/jdk1.7.0_45/jre/lib/amd64/server/libjvm.so
7ff89368e000-7ff8936cf000 rw-p 00000000 00:00 0 
7ff8936cf000-7ff89388a000 r-xp 00000000 08:04 790478                     /lib/x86_64-linux-gnu/libc-2.19.so
7ff89388a000-7ff893a89000 ---p 001bb000 08:04 790478                     /lib/x86_64-linux-gnu/libc-2.19.so
7ff893a89000-7ff893a8d000 r--p 001ba000 08:04 790478                     /lib/x86_64-linux-gnu/libc-2.19.so
7ff893a8d000-7ff893a8f000 rw-p 001be000 08:04 790478                     /lib/x86_64-linux-gnu/libc-2.19.so
7ff893a8f000-7ff893a94000 rw-p 00000000 00:00 0 
7ff893a94000-7ff893a97000 r-xp 00000000 08:04 790411                     /lib/x86_64-linux-gnu/libdl-2.19.so
7ff893a97000-7ff893c96000 ---p 00003000 08:04 790411                     /lib/x86_64-linux-gnu/libdl-2.19.so
7ff893c96000-7ff893c97000 r--p 00002000 08:04 790411                     /lib/x86_64-linux-gnu/libdl-2.19.so
7ff893c97000-7ff893c98000 rw-p 00003000 08:04 790411                     /lib/x86_64-linux-gnu/libdl-2.19.so
7ff893c98000-7ff893cae000 r-xp 00000000 08:04 7604619                    /opt/jdk1.7.0_45/lib/amd64/jli/libjli.so
7ff893cae000-7ff893eae000 ---p 00016000 08:04 7604619                    /opt/jdk1.7.0_45/lib/amd64/jli/libjli.so
7ff893eae000-7ff893eaf000 rw-p 00016000 08:04 7604619                    /opt/jdk1.7.0_45/lib/amd64/jli/libjli.so
7ff893eaf000-7ff893ec8000 r-xp 00000000 08:04 790479                     /lib/x86_64-linux-gnu/libpthread-2.19.so
7ff893ec8000-7ff8940c7000 ---p 00019000 08:04 790479                     /lib/x86_64-linux-gnu/libpthread-2.19.so
7ff8940c7000-7ff8940c8000 r--p 00018000 08:04 790479                     /lib/x86_64-linux-gnu/libpthread-2.19.so
7ff8940c8000-7ff8940c9000 rw-p 00019000 08:04 790479                     /lib/x86_64-linux-gnu/libpthread-2.19.so
7ff8940c9000-7ff8940cd000 rw-p 00000000 00:00 0 
7ff8940cd000-7ff8940f0000 r-xp 00000000 08:04 790445                     /lib/x86_64-linux-gnu/ld-2.19.so
7ff8940f0000-7ff8940f1000 r--s 00000000 08:04 6691125                    /opt/Newandroid/android-studio/gradle/gradle-2.2.1/lib/javax.inject-1.jar
7ff8940f1000-7ff894145000 rw-p 00000000 00:00 0 
7ff894145000-7ff8941d2000 rw-p 00000000 00:00 0 
7ff8941d2000-7ff8941d5000 ---p 00000000 00:00 0 
7ff8941d5000-7ff8942d7000 rw-p 00000000 00:00 0                          [stack:4424]
7ff8942d7000-7ff8942d8000 r--s 00000000 08:04 6691116                    /opt/Newandroid/android-studio/gradle/gradle-2.2.1/lib/jcip-annotations-1.0.jar
7ff8942d8000-7ff8942da000 r--s 00006000 08:04 6691111                    /opt/Newandroid/android-studio/gradle/gradle-2.2.1/lib/slf4j-api-1.7.7.jar
7ff8942da000-7ff8942db000 r--s 00004000 08:04 6691114                    /opt/Newandroid/android-studio/gradle/gradle-2.2.1/lib/ant-launcher-1.9.3.jar
7ff8942db000-7ff8942e3000 r--s 0003c000 08:04 6691138                    /opt/Newandroid/android-studio/gradle/gradle-2.2.1/lib/gradle-launcher-2.2.1.jar
7ff8942e3000-7ff8942eb000 rw-s 00000000 08:04 8266423                    /tmp/hsperfdata_sathvi/4422
7ff8942eb000-7ff8942ec000 rw-p 00000000 00:00 0 
7ff8942ec000-7ff8942ed000 ---p 00000000 00:00 0 
7ff8942ed000-7ff8942ef000 rw-p 00000000 00:00 0 
7ff8942ef000-7ff8942f0000 r--p 00022000 08:04 790445                     /lib/x86_64-linux-gnu/ld-2.19.so
7ff8942f0000-7ff8942f1000 rw-p 00023000 08:04 790445                     /lib/x86_64-linux-gnu/ld-2.19.so
7ff8942f1000-7ff8942f2000 rw-p 00000000 00:00 0 
7fff48700000-7fff48722000 rw-p 00000000 00:00 0                          [stack]
7fff487ba000-7fff487bc000 r-xp 00000000 00:00 0                          [vdso]
ffffffffff600000-ffffffffff601000 r-xp 00000000 00:00 0                  [vsyscall]

VM Arguments:
jvm_args: -XX:MaxPermSize=256m -XX:+HeapDumpOnOutOfMemoryError -Xmx1024m -Dfile.encoding=UTF-8 -Duser.country=IN -Duser.language=en -Duser.variant -Xmx2048m 
java_command: org.gradle.launcher.daemon.bootstrap.GradleDaemon 2.2.1 /home/sathvi/.gradle/daemon 10800000 3c891940-0592-4aa8-a1b1-43e891bf8d25 -XX:MaxPermSize=256m -XX:+HeapDumpOnOutOfMemoryError -Xmx1024m -Dfile.encoding=UTF-8 -Duser.country=IN -Duser.language=en -Duser.variant
Launcher Type: SUN_STANDARD

Environment Variables:
JAVA_HOME=/opt/jdk1.7.0_45
_JAVA_OPTIONS=-Xmx2048m
CLASSPATH=./../lib/bootstrap.jar:./../lib/extensions.jar:./../lib/util.jar:./../lib/jdom.jar:./../lib/log4j.jar:./../lib/trove4j.jar:./../lib/jna.jar:/opt/jdk1.7.0_45/lib/tools.jar
PATH=/usr/local/sbin:/usr/local/bin:/usr/sbin:/usr/bin:/sbin:/bin:/usr/games:/usr/local/games:/opt/jdk1.7.0_45/bin:/opt/jdk1.7.0_45
LD_LIBRARY_PATH=.:
SHELL=/bin/bash
DISPLAY=:0.0

Signal Handlers:
SIGSEGV: [libjvm.so+0x9935b0], sa_mask[0]=0x7ffbfeff, sa_flags=0x10000004
SIGBUS: [libjvm.so+0x9935b0], sa_mask[0]=0x7ffbfeff, sa_flags=0x10000004
SIGFPE: [libjvm.so+0x810330], sa_mask[0]=0x7ffbfeff, sa_flags=0x10000004
SIGPIPE: [libjvm.so+0x810330], sa_mask[0]=0x7ffbfeff, sa_flags=0x10000004
SIGXFSZ: [libjvm.so+0x810330], sa_mask[0]=0x7ffbfeff, sa_flags=0x10000004
SIGILL: [libjvm.so+0x810330], sa_mask[0]=0x7ffbfeff, sa_flags=0x10000004
SIGUSR1: SIG_DFL, sa_mask[0]=0x00000000, sa_flags=0x00000000
SIGUSR2: [libjvm.so+0x811820], sa_mask[0]=0x00000004, sa_flags=0x10000004
SIGHUP: [libjvm.so+0x812790], sa_mask[0]=0x7ffbfeff, sa_flags=0x10000004
SIGINT: [libjvm.so+0x812790], sa_mask[0]=0x7ffbfeff, sa_flags=0x10000004
SIGTERM: [libjvm.so+0x812790], sa_mask[0]=0x7ffbfeff, sa_flags=0x10000004
SIGQUIT: [libjvm.so+0x812790], sa_mask[0]=0x7ffbfeff, sa_flags=0x10000004


---------------  S Y S T E M  ---------------

OS:jessie/sid

uname:Linux 3.13.0-32-generic #57-Ubuntu SMP Tue Jul 15 03:51:08 UTC 2014 x86_64
libc:glibc 2.19 NPTL 2.19 
rlimit: STACK 8192k, CORE 0k, NPROC 29848, NOFILE 4096, AS infinity
load average:0.52 0.46 0.49

/proc/meminfo:
MemTotal:        3842176 kB
MemFree:          169184 kB
Buffers:            4484 kB
Cached:           270456 kB
SwapCached:            0 kB
Active:          3351720 kB
Inactive:         166376 kB
Active(anon):    3244568 kB
Inactive(anon):   109320 kB
Active(file):     107152 kB
Inactive(file):    57056 kB
Unevictable:          32 kB
Mlocked:              32 kB
SwapTotal:             0 kB
SwapFree:              0 kB
Dirty:                40 kB
Writeback:            92 kB
AnonPages:       3243584 kB
Mapped:            94620 kB
Shmem:            110360 kB
Slab:              54708 kB
SReclaimable:      29804 kB
SUnreclaim:        24904 kB
KernelStack:        3360 kB
PageTables:        27724 kB
NFS_Unstable:          0 kB
Bounce:                0 kB
WritebackTmp:          0 kB
CommitLimit:     1921088 kB
Committed_AS:    5401112 kB
VmallocTotal:   34359738367 kB
VmallocUsed:      545388 kB
VmallocChunk:   34359163788 kB
HardwareCorrupted:     0 kB
AnonHugePages:   1970176 kB
HugePages_Total:       0
HugePages_Free:        0
HugePages_Rsvd:        0
HugePages_Surp:        0
Hugepagesize:       2048 kB
DirectMap4k:       86956 kB
DirectMap2M:     3899392 kB


CPU:total 4 (2 cores per cpu, 2 threads per core) family 6 model 37 stepping 5, cmov, cx8, fxsr, mmx, sse, sse2, sse3, ssse3, sse4.1, sse4.2, popcnt, ht, tsc, tscinvbit

/proc/cpuinfo:
processor	: 0
vendor_id	: GenuineIntel
cpu family	: 6
model		: 37
model name	: Intel(R) Core(TM) i3 CPU       M 380  @ 2.53GHz
stepping	: 5
microcode	: 0x2
cpu MHz		: 2533.000
cache size	: 3072 KB
physical id	: 0
siblings	: 4
core id		: 0
cpu cores	: 2
apicid		: 0
initial apicid	: 0
fpu		: yes
fpu_exception	: yes
cpuid level	: 11
wp		: yes
flags		: fpu vme de pse tsc msr pae mce cx8 apic sep mtrr pge mca cmov pat pse36 clflush dts acpi mmx fxsr sse sse2 ss ht tm pbe syscall nx rdtscp lm constant_tsc arch_perfmon pebs bts rep_good nopl xtopology nonstop_tsc aperfmperf pni dtes64 monitor ds_cpl vmx est tm2 ssse3 cx16 xtpr pdcm pcid sse4_1 sse4_2 popcnt lahf_lm arat dtherm tpr_shadow vnmi flexpriority ept vpid
bogomips	: 5054.15
clflush size	: 64
cache_alignment	: 64
address sizes	: 36 bits physical, 48 bits virtual
power management:

processor	: 1
vendor_id	: GenuineIntel
cpu family	: 6
model		: 37
model name	: Intel(R) Core(TM) i3 CPU       M 380  @ 2.53GHz
stepping	: 5
microcode	: 0x2
cpu MHz		: 933.000
cache size	: 3072 KB
physical id	: 0
siblings	: 4
core id		: 2
cpu cores	: 2
apicid		: 4
initial apicid	: 4
fpu		: yes
fpu_exception	: yes
cpuid level	: 11
wp		: yes
flags		: fpu vme de pse tsc msr pae mce cx8 apic sep mtrr pge mca cmov pat pse36 clflush dts acpi mmx fxsr sse sse2 ss ht tm pbe syscall nx rdtscp lm constant_tsc arch_perfmon pebs bts rep_good nopl xtopology nonstop_tsc aperfmperf pni dtes64 monitor ds_cpl vmx est tm2 ssse3 cx16 xtpr pdcm pcid sse4_1 sse4_2 popcnt lahf_lm arat dtherm tpr_shadow vnmi flexpriority ept vpid
bogomips	: 5054.15
clflush size	: 64
cache_alignment	: 64
address sizes	: 36 bits physical, 48 bits virtual
power management:

processor	: 2
vendor_id	: GenuineIntel
cpu family	: 6
model		: 37
model name	: Intel(R) Core(TM) i3 CPU       M 380  @ 2.53GHz
stepping	: 5
microcode	: 0x2
cpu MHz		: 2533.000
cache size	: 3072 KB
physical id	: 0
siblings	: 4
core id		: 0
cpu cores	: 2
apicid		: 1
initial apicid	: 1
fpu		: yes
fpu_exception	: yes
cpuid level	: 11
wp		: yes
flags		: fpu vme de pse tsc msr pae mce cx8 apic sep mtrr pge mca cmov pat pse36 clflush dts acpi mmx fxsr sse sse2 ss ht tm pbe syscall nx rdtscp lm constant_tsc arch_perfmon pebs bts rep_good nopl xtopology nonstop_tsc aperfmperf pni dtes64 monitor ds_cpl vmx est tm2 ssse3 cx16 xtpr pdcm pcid sse4_1 sse4_2 popcnt lahf_lm arat dtherm tpr_shadow vnmi flexpriority ept vpid
bogomips	: 5054.15
clflush size	: 64
cache_alignment	: 64
address sizes	: 36 bits physical, 48 bits virtual
power management:

processor	: 3
vendor_id	: GenuineIntel
cpu family	: 6
model		: 37
model name	: Intel(R) Core(TM) i3 CPU       M 380  @ 2.53GHz
stepping	: 5
microcode	: 0x2
cpu MHz		: 933.000
cache size	: 3072 KB
physical id	: 0
siblings	: 4
core id		: 2
cpu cores	: 2
apicid		: 5
initial apicid	: 5
fpu		: yes
fpu_exception	: yes
cpuid level	: 11
wp		: yes
flags		: fpu vme de pse tsc msr pae mce cx8 apic sep mtrr pge mca cmov pat pse36 clflush dts acpi mmx fxsr sse sse2 ss ht tm pbe syscall nx rdtscp lm constant_tsc arch_perfmon pebs bts rep_good nopl xtopology nonstop_tsc aperfmperf pni dtes64 monitor ds_cpl vmx est tm2 ssse3 cx16 xtpr pdcm pcid sse4_1 sse4_2 popcnt lahf_lm arat dtherm tpr_shadow vnmi flexpriority ept vpid
bogomips	: 5054.15
clflush size	: 64
cache_alignment	: 64
address sizes	: 36 bits physical, 48 bits virtual
power management:



Memory: 4k page, physical 3842176k(169184k free), swap 0k(0k free)

vm_info: Java HotSpot(TM) 64-Bit Server VM (24.45-b08) for linux-amd64 JRE (1.7.0_45-b18), built on Oct  8 2013 05:44:25 by "java_re" with gcc 4.3.0 20080428 (Red Hat 4.3.0-8)

time: Sun Apr  5 20:36:26 2015
elapsed time: 5694 seconds

