#
# There is insufficient memory for the Java Runtime Environment to continue.
# Native memory allocation (malloc) failed to allocate 31457280 bytes for committing reserved memory.
# Possible reasons:
#   The system is out of physical RAM or swap space
#   In 32 bit mode, the process size limit was hit
# Possible solutions:
#   Reduce memory load on the system
#   Increase physical memory or swap space
#   Check if swap backing store is full
#   Use 64 bit Java on a 64 bit OS
#   Decrease Java heap size (-Xmx/-Xms)
#   Decrease number of Java threads
#   Decrease Java thread stack sizes (-Xss)
#   Set larger code cache with -XX:ReservedCodeCacheSize=
# This output file may be truncated or incomplete.
#
#  Out of Memory Error (os_linux.cpp:2718), pid=12009, tid=139957116282624
#
# JRE version: Java(TM) SE Runtime Environment (7.0_45-b18) (build 1.7.0_45-b18)
# Java VM: Java HotSpot(TM) 64-Bit Server VM (24.45-b08 mixed mode linux-amd64 compressed oops)
# Failed to write core dump. Core dumps have been disabled. To enable core dumping, try "ulimit -c unlimited" before starting Java again
#

---------------  T H R E A D  ---------------

Current thread (0x00007f4a54069800):  VMThread [stack: 0x00007f4a4e232000,0x00007f4a4e333000] [id=12019]

Stack: [0x00007f4a4e232000,0x00007f4a4e333000],  sp=0x00007f4a4e331120,  free space=1020k
Native frames: (J=compiled Java code, j=interpreted, Vv=VM code, C=native code)
V  [libjvm.so+0x992c8a]  VMError::report_and_die()+0x2ea
V  [libjvm.so+0x49319b]  report_vm_out_of_memory(char const*, int, unsigned long, char const*)+0x9b
V  [libjvm.so+0x81310e]  os::Linux::commit_memory_impl(char*, unsigned long, bool)+0xfe
V  [libjvm.so+0x8135bf]  os::Linux::commit_memory_impl(char*, unsigned long, unsigned long, bool)+0x4f
V  [libjvm.so+0x81377c]  os::pd_commit_memory(char*, unsigned long, unsigned long, bool)+0xc
V  [libjvm.so+0x80d86a]  os::commit_memory(char*, unsigned long, unsigned long, bool)+0x2a
V  [libjvm.so+0x87fa33]  PSVirtualSpace::expand_by(unsigned long)+0x53
V  [libjvm.so+0x880e08]  PSYoungGen::resize_generation(unsigned long, unsigned long)+0xf8
V  [libjvm.so+0x87ff72]  PSYoungGen::resize(unsigned long, unsigned long)+0x22
V  [libjvm.so+0x87d40b]  PSScavenge::invoke_no_policy()+0xf3b
V  [libjvm.so+0x87db71]  PSScavenge::invoke()+0x41
V  [libjvm.so+0x834c70]  ParallelScavengeHeap::failed_mem_allocate(unsigned long)+0x70
V  [libjvm.so+0x994527]  VM_ParallelGCFailedAllocation::doit()+0x97
V  [libjvm.so+0x99b955]  VM_Operation::evaluate()+0x55
V  [libjvm.so+0x999d8a]  VMThread::evaluate_operation(VM_Operation*)+0xba
V  [libjvm.so+0x99a10e]  VMThread::loop()+0x1ce
V  [libjvm.so+0x99a580]  VMThread::run()+0x70
V  [libjvm.so+0x815288]  java_start(Thread*)+0x108

VM_Operation (0x00007f4a5a3241a0): ParallelGCFailedAllocation, mode: safepoint, requested by thread 0x00007f4a5400a000


---------------  P R O C E S S  ---------------

Java Threads: ( => current thread )
  0x00007f4a54097000 JavaThread "Service Thread" daemon [_thread_blocked, id=12025, stack(0x00007f4a4d25e000,0x00007f4a4d35f000)]
  0x00007f4a54094800 JavaThread "C2 CompilerThread1" daemon [_thread_blocked, id=12024, stack(0x00007f4a4d35f000,0x00007f4a4d460000)]
  0x00007f4a54091800 JavaThread "C2 CompilerThread0" daemon [_thread_blocked, id=12023, stack(0x00007f4a4d460000,0x00007f4a4d561000)]
  0x00007f4a54087800 JavaThread "Signal Dispatcher" daemon [_thread_blocked, id=12022, stack(0x00007f4a4d561000,0x00007f4a4d662000)]
  0x00007f4a54070000 JavaThread "Finalizer" daemon [_thread_blocked, id=12021, stack(0x00007f4a4e030000,0x00007f4a4e131000)]
  0x00007f4a5406c000 JavaThread "Reference Handler" daemon [_thread_blocked, id=12020, stack(0x00007f4a4e131000,0x00007f4a4e232000)]
  0x00007f4a5400a000 JavaThread "main" [_thread_blocked, id=12014, stack(0x00007f4a5a225000,0x00007f4a5a326000)]

Other Threads:
=>0x00007f4a54069800 VMThread [stack: 0x00007f4a4e232000,0x00007f4a4e333000] [id=12019]
  0x00007f4a540a2000 WatcherThread [stack: 0x00007f4a4d15d000,0x00007f4a4d25e000] [id=12026]

VM state:at safepoint (normal execution)

VM Mutex/Monitor currently owned by a thread:  ([mutex/lock_event])
[0x00007f4a540067a0] Threads_lock - owner thread: 0x00007f4a54069800
[0x00007f4a54006ca0] Heap_lock - owner thread: 0x00007f4a5400a000

Heap
 PSYoungGen      total 33280K, used 2547K [0x00000007d5500000, 0x00000007d7800000, 0x0000000800000000)
  eden space 30720K, 0% used [0x00000007d5500000,0x00000007d5500000,0x00000007d7300000)
  from space 2560K, 99% used [0x00000007d7300000,0x00000007d757cdd8,0x00000007d7580000)
  to   space 2560K, 0% used [0x00000007d7580000,0x00000007d7580000,0x00000007d7800000)
 ParOldGen       total 39936K, used 10086K [0x0000000780000000, 0x0000000782700000, 0x00000007d5500000)
  object space 39936K, 25% used [0x0000000780000000,0x00000007809d9808,0x0000000782700000)
 PSPermGen       total 21504K, used 6770K [0x000000077ae00000, 0x000000077c300000, 0x0000000780000000)
  object space 21504K, 31% used [0x000000077ae00000,0x000000077b49c8d0,0x000000077c300000)

Card table byte_map: [0x00007f4a4ff54000,0x00007f4a5037e000] byte_map_base: 0x00007f4a4c37d000

Polling page: 0x00007f4a5a33f000

Code Cache  [0x00007f4a5037e000, 0x00007f4a505ee000, 0x00007f4a5337e000)
 total_blobs=643 nmethods=394 adapters=203 free_code_cache=48145Kb largest_free_block=49276480

Compilation events (10 events):
Event: 12.513 Thread 0x00007f4a54091800 nmethod 391 0x00007f4a5047f250 code [0x00007f4a5047f380, 0x00007f4a5047f3d8]
Event: 12.513 Thread 0x00007f4a54091800  392             com.android.dex.ClassData$Method::getAccessFlags (5 bytes)
Event: 12.513 Thread 0x00007f4a54091800 nmethod 392 0x00007f4a5047f050 code [0x00007f4a5047f180, 0x00007f4a5047f1d8]
Event: 12.513 Thread 0x00007f4a54091800  393             com.android.dx.io.instructions.DecodedInstruction::getTarget (7 bytes)
Event: 12.514 Thread 0x00007f4a54091800 nmethod 393 0x00007f4a5047ee50 code [0x00007f4a5047ef80, 0x00007f4a5047efd8]
Event: 12.514 Thread 0x00007f4a54091800  394             com.android.dx.io.instructions.DecodedInstruction::getB (2 bytes)
Event: 12.514 Thread 0x00007f4a54091800 nmethod 394 0x00007f4a5047ec50 code [0x00007f4a5047ed80, 0x00007f4a5047edd8]
Event: 12.514 Thread 0x00007f4a54091800  395             com.android.dx.io.instructions.OneRegisterDecodedInstruction::getRegisterCount (2 bytes)
Event: 12.514 Thread 0x00007f4a54091800 nmethod 395 0x00007f4a5047ea50 code [0x00007f4a5047eb80, 0x00007f4a5047ebd8]
Event: 12.514 Thread 0x00007f4a54091800  396             com.android.dex.Dex::readCode (28 bytes)

GC Heap History (5 events):
Event: 3.263 GC heap before
{Heap before GC invocations=1 (full 0):
 PSYoungGen      total 17920K, used 15360K [0x00000007d5500000, 0x00000007d6900000, 0x0000000800000000)
  eden space 15360K, 100% used [0x00000007d5500000,0x00000007d6400000,0x00000007d6400000)
  from space 2560K, 0% used [0x00000007d6680000,0x00000007d6680000,0x00000007d6900000)
  to   space 2560K, 0% used [0x00000007d6400000,0x00000007d6400000,0x00000007d6680000)
 ParOldGen       total 39936K, used 0K [0x0000000780000000, 0x0000000782700000, 0x00000007d5500000)
  object space 39936K, 0% used [0x0000000780000000,0x0000000780000000,0x0000000782700000)
 PSPermGen       total 21504K, used 4851K [0x000000077ae00000, 0x000000077c300000, 0x0000000780000000)
  object space 21504K, 22% used [0x000000077ae00000,0x000000077b2bcd20,0x000000077c300000)
Event: 3.705 GC heap after
Heap after GC invocations=1 (full 0):
 PSYoungGen      total 17920K, used 2528K [0x00000007d5500000, 0x00000007d7800000, 0x0000000800000000)
  eden space 15360K, 0% used [0x00000007d5500000,0x00000007d5500000,0x00000007d6400000)
  from space 2560K, 98% used [0x00000007d6400000,0x00000007d6678038,0x00000007d6680000)
  to   space 2560K, 0% used [0x00000007d7580000,0x00000007d7580000,0x00000007d7800000)
 ParOldGen       total 39936K, used 1750K [0x0000000780000000, 0x0000000782700000, 0x00000007d5500000)
  object space 39936K, 4% used [0x0000000780000000,0x00000007801b5b98,0x0000000782700000)
 PSPermGen       total 21504K, used 4851K [0x000000077ae00000, 0x000000077c300000, 0x0000000780000000)
  object space 21504K, 22% used [0x000000077ae00000,0x000000077b2bcd20,0x000000077c300000)
}
Event: 8.836 GC heap before
{Heap before GC invocations=2 (full 0):
 PSYoungGen      total 17920K, used 17888K [0x00000007d5500000, 0x00000007d7800000, 0x0000000800000000)
  eden space 15360K, 100% used [0x00000007d5500000,0x00000007d6400000,0x00000007d6400000)
  from space 2560K, 98% used [0x00000007d6400000,0x00000007d6678038,0x00000007d6680000)
  to   space 2560K, 0% used [0x00000007d7580000,0x00000007d7580000,0x00000007d7800000)
 ParOldGen       total 39936K, used 1750K [0x0000000780000000, 0x0000000782700000, 0x00000007d5500000)
  object space 39936K, 4% used [0x0000000780000000,0x00000007801b5b98,0x0000000782700000)
 PSPermGen       total 21504K, used 6710K [0x000000077ae00000, 0x000000077c300000, 0x0000000780000000)
  object space 21504K, 31% used [0x000000077ae00000,0x000000077b48dbd0,0x000000077c300000)
Event: 8.854 GC heap after
Heap after GC invocations=2 (full 0):
 PSYoungGen      total 33280K, used 2553K [0x00000007d5500000, 0x00000007d7800000, 0x0000000800000000)
  eden space 30720K, 0% used [0x00000007d5500000,0x00000007d5500000,0x00000007d7300000)
  from space 2560K, 99% used [0x00000007d7580000,0x00000007d77fe788,0x00000007d7800000)
  to   space 2560K, 0% used [0x00000007d7300000,0x00000007d7300000,0x00000007d7580000)
 ParOldGen       total 39936K, used 5201K [0x0000000780000000, 0x0000000782700000, 0x00000007d5500000)
  object space 39936K, 13% used [0x0000000780000000,0x00000007805144b0,0x0000000782700000)
 PSPermGen       total 21504K, used 6710K [0x000000077ae00000, 0x000000077c300000, 0x0000000780000000)
  object space 21504K, 31% used [0x000000077ae00000,0x000000077b48dbd0,0x000000077c300000)
}
Event: 12.585 GC heap before
{Heap before GC invocations=3 (full 0):
 PSYoungGen      total 33280K, used 33273K [0x00000007d5500000, 0x00000007d7800000, 0x0000000800000000)
  eden space 30720K, 100% used [0x00000007d5500000,0x00000007d7300000,0x00000007d7300000)
  from space 2560K, 99% used [0x00000007d7580000,0x00000007d77fe788,0x00000007d7800000)
  to   space 2560K, 0% used [0x00000007d7300000,0x00000007d7300000,0x00000007d7580000)
 ParOldGen       total 39936K, used 5201K [0x0000000780000000, 0x0000000782700000, 0x00000007d5500000)
  object space 39936K, 13% used [0x0000000780000000,0x00000007805144b0,0x0000000782700000)
 PSPermGen       total 21504K, used 6770K [0x000000077ae00000, 0x000000077c300000, 0x0000000780000000)
  object space 21504K, 31% used [0x000000077ae00000,0x000000077b49c8d0,0x000000077c300000)

Deoptimization events (5 events):
Event: 8.730 Thread 0x00007f4a5400a000 Uncommon trap: reason=class_check action=maybe_recompile pc=0x00007f4a5042a490 method=com.android.dex.Leb128.readUnsignedLeb128(Lcom/android/dex/util/ByteInput;)I @ 5
Event: 8.736 Thread 0x00007f4a5400a000 Uncommon trap: reason=class_check action=maybe_recompile pc=0x00007f4a5042a490 method=com.android.dex.Leb128.readUnsignedLeb128(Lcom/android/dex/util/ByteInput;)I @ 5
Event: 8.736 Thread 0x00007f4a5400a000 Uncommon trap: reason=class_check action=maybe_recompile pc=0x00007f4a5042a490 method=com.android.dex.Leb128.readUnsignedLeb128(Lcom/android/dex/util/ByteInput;)I @ 5
Event: 8.736 Thread 0x00007f4a5400a000 Uncommon trap: reason=class_check action=maybe_recompile pc=0x00007f4a5042a490 method=com.android.dex.Leb128.readUnsignedLeb128(Lcom/android/dex/util/ByteInput;)I @ 5
Event: 11.147 Thread 0x00007f4a5400a000 Uncommon trap: reason=predicate action=maybe_recompile pc=0x00007f4a5043a344 method=com.android.dex.Leb128.readUnsignedLeb128(Lcom/android/dex/util/ByteInput;)I @ 41

Internal exceptions (10 events):
Event: 8.406 Thread 0x00007f4a5400a000 Threw 0x00000007d5e9fe50 at /HUDSON/workspace/7u-2-build-linux-amd64/jdk7u45/229/hotspot/src/share/vm/prims/jvm.cpp:1244
Event: 8.407 Thread 0x00007f4a5400a000 Threw 0x00000007d5ea2d68 at /HUDSON/workspace/7u-2-build-linux-amd64/jdk7u45/229/hotspot/src/share/vm/prims/jvm.cpp:1244
Event: 8.407 Thread 0x00007f4a5400a000 Threw 0x00000007d5ea60b0 at /HUDSON/workspace/7u-2-build-linux-amd64/jdk7u45/229/hotspot/src/share/vm/prims/jvm.cpp:1244
Event: 8.410 Thread 0x00007f4a5400a000 Threw 0x00000007d5eed160 at /HUDSON/workspace/7u-2-build-linux-amd64/jdk7u45/229/hotspot/src/share/vm/prims/jvm.cpp:1244
Event: 8.411 Thread 0x00007f4a5400a000 Threw 0x00000007d5eef1f8 at /HUDSON/workspace/7u-2-build-linux-amd64/jdk7u45/229/hotspot/src/share/vm/prims/jvm.cpp:1244
Event: 8.566 Thread 0x00007f4a5400a000 Threw 0x00000007d5f42558 at /HUDSON/workspace/7u-2-build-linux-amd64/jdk7u45/229/hotspot/src/share/vm/prims/jvm.cpp:1244
Event: 8.566 Thread 0x00007f4a5400a000 Threw 0x00000007d5f42680 at /HUDSON/workspace/7u-2-build-linux-amd64/jdk7u45/229/hotspot/src/share/vm/prims/jvm.cpp:1244
Event: 8.566 Thread 0x00007f4a5400a000 Threw 0x00000007d5f44600 at /HUDSON/workspace/7u-2-build-linux-amd64/jdk7u45/229/hotspot/src/share/vm/prims/jvm.cpp:1244
Event: 8.567 Thread 0x00007f4a5400a000 Threw 0x00000007d5f44728 at /HUDSON/workspace/7u-2-build-linux-amd64/jdk7u45/229/hotspot/src/share/vm/prims/jvm.cpp:1244
Event: 11.915 Thread 0x00007f4a5400a000 Threw 0x00000007d5c91158 at /HUDSON/workspace/7u-2-build-linux-amd64/jdk7u45/229/hotspot/src/share/vm/prims/jvm.cpp:1244

Events (10 events):
Event: 8.736 Thread 0x00007f4a5400a000 DEOPT PACKING pc=0x00007f4a5042a490 sp=0x00007f4a5a324190
Event: 8.736 Thread 0x00007f4a5400a000 DEOPT UNPACKING pc=0x00007f4a503b7045 sp=0x00007f4a5a324150 mode 2
Event: 8.836 Executing VM operation: ParallelGCFailedAllocation
Event: 8.854 Executing VM operation: ParallelGCFailedAllocation done
Event: 11.147 Thread 0x00007f4a5400a000 Uncommon trap: trap_request=0xffffff86 fr.pc=0x00007f4a5043a344
Event: 11.147 Thread 0x00007f4a5400a000 DEOPT PACKING pc=0x00007f4a5043a344 sp=0x00007f4a5a324190
Event: 11.180 Thread 0x00007f4a5400a000 DEOPT UNPACKING pc=0x00007f4a503b7045 sp=0x00007f4a5a324158 mode 2
Event: 11.915 loading class 0x00007f4a54166a70
Event: 11.915 loading class 0x00007f4a54166a70 done
Event: 12.563 Executing VM operation: ParallelGCFailedAllocation


Dynamic libraries:
00400000-00401000 r-xp 00000000 08:04 6690187                            /opt/jdk1.7.0_45/bin/java
00600000-00601000 rw-p 00000000 08:04 6690187                            /opt/jdk1.7.0_45/bin/java
01389000-013aa000 rw-p 00000000 00:00 0                                  [heap]
77ae00000-77c300000 rw-p 00000000 00:00 0 
77c300000-780000000 rw-p 00000000 00:00 0 
780000000-782700000 rw-p 00000000 00:00 0 
782700000-7d5500000 rw-p 00000000 00:00 0 
7d5500000-7d7800000 rw-p 00000000 00:00 0 
7d9600000-800000000 rw-p 00000000 00:00 0 
7f4a0c000000-7f4a0c021000 rw-p 00000000 00:00 0 
7f4a0c021000-7f4a10000000 ---p 00000000 00:00 0 
7f4a10000000-7f4a10021000 rw-p 00000000 00:00 0 
7f4a10021000-7f4a14000000 ---p 00000000 00:00 0 
7f4a14000000-7f4a1467b000 rw-p 00000000 00:00 0 
7f4a1467b000-7f4a18000000 ---p 00000000 00:00 0 
7f4a18000000-7f4a186b0000 rw-p 00000000 00:00 0 
7f4a186b0000-7f4a1c000000 ---p 00000000 00:00 0 
7f4a1c000000-7f4a1c021000 rw-p 00000000 00:00 0 
7f4a1c021000-7f4a20000000 ---p 00000000 00:00 0 
7f4a20000000-7f4a20021000 rw-p 00000000 00:00 0 
7f4a20021000-7f4a24000000 ---p 00000000 00:00 0 
7f4a24000000-7f4a24021000 rw-p 00000000 00:00 0 
7f4a24021000-7f4a28000000 ---p 00000000 00:00 0 
7f4a2bd70000-7f4a30000000 rw-p 00000000 00:00 0 
7f4a30000000-7f4a30021000 rw-p 00000000 00:00 0 
7f4a30021000-7f4a34000000 ---p 00000000 00:00 0 
7f4a34000000-7f4a340e1000 rw-p 00000000 00:00 0 
7f4a340e1000-7f4a38000000 ---p 00000000 00:00 0 
7f4a38000000-7f4a38021000 rw-p 00000000 00:00 0 
7f4a38021000-7f4a3c000000 ---p 00000000 00:00 0 
7f4a40000000-7f4a40021000 rw-p 00000000 00:00 0 
7f4a40021000-7f4a44000000 ---p 00000000 00:00 0 
7f4a48000000-7f4a48021000 rw-p 00000000 00:00 0 
7f4a48021000-7f4a4c000000 ---p 00000000 00:00 0 
7f4a4cbbb000-7f4a4cd26000 rw-p 00000000 00:00 0 
7f4a4cd26000-7f4a4cd3c000 r-xp 00000000 08:04 7733453                    /opt/jdk1.7.0_45/jre/lib/amd64/libnet.so
7f4a4cd3c000-7f4a4cf3c000 ---p 00016000 08:04 7733453                    /opt/jdk1.7.0_45/jre/lib/amd64/libnet.so
7f4a4cf3c000-7f4a4cf3d000 rw-p 00016000 08:04 7733453                    /opt/jdk1.7.0_45/jre/lib/amd64/libnet.so
7f4a4cf3d000-7f4a4cf4d000 r-xp 00000000 08:04 7733502                    /opt/jdk1.7.0_45/jre/lib/amd64/libnio.so
7f4a4cf4d000-7f4a4d14d000 ---p 00010000 08:04 7733502                    /opt/jdk1.7.0_45/jre/lib/amd64/libnio.so
7f4a4d14d000-7f4a4d14e000 rw-p 00010000 08:04 7733502                    /opt/jdk1.7.0_45/jre/lib/amd64/libnio.so
7f4a4d14e000-7f4a4d15d000 r--s 000dd000 08:04 8783843                    /home/sathvi/Android/Sdk/build-tools/21.1.2/lib/dx.jar
7f4a4d15d000-7f4a4d15e000 ---p 00000000 00:00 0 
7f4a4d15e000-7f4a4d25e000 rw-p 00000000 00:00 0                          [stack:12026]
7f4a4d25e000-7f4a4d261000 ---p 00000000 00:00 0 
7f4a4d261000-7f4a4d35f000 rw-p 00000000 00:00 0                          [stack:12025]
7f4a4d35f000-7f4a4d362000 ---p 00000000 00:00 0 
7f4a4d362000-7f4a4d460000 rw-p 00000000 00:00 0                          [stack:12024]
7f4a4d460000-7f4a4d463000 ---p 00000000 00:00 0 
7f4a4d463000-7f4a4d561000 rw-p 00000000 00:00 0                          [stack:12023]
7f4a4d561000-7f4a4d564000 ---p 00000000 00:00 0 
7f4a4d564000-7f4a4d662000 rw-p 00000000 00:00 0                          [stack:12022]
7f4a4d662000-7f4a4e030000 r--p 00000000 08:04 5116654                    /usr/lib/locale/locale-archive
7f4a4e030000-7f4a4e033000 ---p 00000000 00:00 0 
7f4a4e033000-7f4a4e131000 rw-p 00000000 00:00 0                          [stack:12021]
7f4a4e131000-7f4a4e134000 ---p 00000000 00:00 0 
7f4a4e134000-7f4a4e232000 rw-p 00000000 00:00 0                          [stack:12020]
7f4a4e232000-7f4a4e233000 ---p 00000000 00:00 0 
7f4a4e233000-7f4a4f2f0000 rw-p 00000000 00:00 0                          [stack:12019]
7f4a4f2f0000-7f4a4f4ac000 r--s 039b2000 08:04 6950261                    /opt/jdk1.7.0_45/jre/lib/rt.jar
7f4a4f4ac000-7f4a4f9a6000 rw-p 00000000 00:00 0 
7f4a4f9a6000-7f4a4f9a7000 ---p 00000000 00:00 0 
7f4a4f9a7000-7f4a4faa7000 rw-p 00000000 00:00 0                          [stack:12018]
7f4a4faa7000-7f4a4faa8000 ---p 00000000 00:00 0 
7f4a4faa8000-7f4a4fba8000 rw-p 00000000 00:00 0                          [stack:12017]
7f4a4fba8000-7f4a4fba9000 ---p 00000000 00:00 0 
7f4a4fba9000-7f4a4fcbd000 rw-p 00000000 00:00 0                          [stack:12016]
7f4a4fcbd000-7f4a4ff54000 rw-p 00000000 00:00 0 
7f4a4ff54000-7f4a4ff5f000 rw-p 00000000 00:00 0 
7f4a4ff5f000-7f4a4ff7d000 rw-p 00000000 00:00 0 
7f4a4ff7d000-7f4a4ff91000 rw-p 00000000 00:00 0 
7f4a4ff91000-7f4a50227000 rw-p 00000000 00:00 0 
7f4a50227000-7f4a50239000 rw-p 00000000 00:00 0 
7f4a50239000-7f4a5037d000 rw-p 00000000 00:00 0 
7f4a5037d000-7f4a5037e000 rw-p 00000000 00:00 0 
7f4a5037e000-7f4a505ee000 rwxp 00000000 00:00 0 
7f4a505ee000-7f4a5337e000 rw-p 00000000 00:00 0 
7f4a5337e000-7f4a53398000 r-xp 00000000 08:04 7733478                    /opt/jdk1.7.0_45/jre/lib/amd64/libzip.so
7f4a53398000-7f4a53598000 ---p 0001a000 08:04 7733478                    /opt/jdk1.7.0_45/jre/lib/amd64/libzip.so
7f4a53598000-7f4a53599000 rw-p 0001a000 08:04 7733478                    /opt/jdk1.7.0_45/jre/lib/amd64/libzip.so
7f4a53599000-7f4a535a4000 r-xp 00000000 08:04 790406                     /lib/x86_64-linux-gnu/libnss_files-2.19.so
7f4a535a4000-7f4a537a3000 ---p 0000b000 08:04 790406                     /lib/x86_64-linux-gnu/libnss_files-2.19.so
7f4a537a3000-7f4a537a4000 r--p 0000a000 08:04 790406                     /lib/x86_64-linux-gnu/libnss_files-2.19.so
7f4a537a4000-7f4a537a5000 rw-p 0000b000 08:04 790406                     /lib/x86_64-linux-gnu/libnss_files-2.19.so
7f4a537a5000-7f4a537b0000 r-xp 00000000 08:04 790500                     /lib/x86_64-linux-gnu/libnss_nis-2.19.so
7f4a537b0000-7f4a539af000 ---p 0000b000 08:04 790500                     /lib/x86_64-linux-gnu/libnss_nis-2.19.so
7f4a539af000-7f4a539b0000 r--p 0000a000 08:04 790500                     /lib/x86_64-linux-gnu/libnss_nis-2.19.so
7f4a539b0000-7f4a539b1000 rw-p 0000b000 08:04 790500                     /lib/x86_64-linux-gnu/libnss_nis-2.19.so
7f4a539b1000-7f4a539c8000 r-xp 00000000 08:04 790438                     /lib/x86_64-linux-gnu/libnsl-2.19.so
7f4a539c8000-7f4a53bc7000 ---p 00017000 08:04 790438                     /lib/x86_64-linux-gnu/libnsl-2.19.so
7f4a53bc7000-7f4a53bc8000 r--p 00016000 08:04 790438                     /lib/x86_64-linux-gnu/libnsl-2.19.so
7f4a53bc8000-7f4a53bc9000 rw-p 00017000 08:04 790438                     /lib/x86_64-linux-gnu/libnsl-2.19.so
7f4a53bc9000-7f4a53bcb000 rw-p 00000000 00:00 0 
7f4a53bcb000-7f4a53bd4000 r-xp 00000000 08:04 790437                     /lib/x86_64-linux-gnu/libnss_compat-2.19.so
7f4a53bd4000-7f4a53dd3000 ---p 00009000 08:04 790437                     /lib/x86_64-linux-gnu/libnss_compat-2.19.so
7f4a53dd3000-7f4a53dd4000 r--p 00008000 08:04 790437                     /lib/x86_64-linux-gnu/libnss_compat-2.19.so
7f4a53dd4000-7f4a53dd5000 rw-p 00009000 08:04 790437                     /lib/x86_64-linux-gnu/libnss_compat-2.19.so
7f4a53dd5000-7f4a53dfe000 r-xp 00000000 08:04 7733469                    /opt/jdk1.7.0_45/jre/lib/amd64/libjava.so
7f4a53dfe000-7f4a53ffe000 ---p 00029000 08:04 7733469                    /opt/jdk1.7.0_45/jre/lib/amd64/libjava.so
7f4a53ffe000-7f4a54000000 rw-p 00029000 08:04 7733469                    /opt/jdk1.7.0_45/jre/lib/amd64/libjava.so
7f4a54000000-7f4a54202000 rw-p 00000000 00:00 0 
7f4a54202000-7f4a58000000 ---p 00000000 00:00 0 
7f4a58003000-7f4a58076000 rw-p 00000000 00:00 0 
7f4a58076000-7f4a58077000 ---p 00000000 00:00 0 
7f4a58077000-7f4a58182000 rw-p 00000000 00:00 0                          [stack:12015]
7f4a58182000-7f4a581a0000 rw-p 00000000 00:00 0 
7f4a581a0000-7f4a581ad000 r-xp 00000000 08:04 7733458                    /opt/jdk1.7.0_45/jre/lib/amd64/libverify.so
7f4a581ad000-7f4a583ac000 ---p 0000d000 08:04 7733458                    /opt/jdk1.7.0_45/jre/lib/amd64/libverify.so
7f4a583ac000-7f4a583ae000 rw-p 0000c000 08:04 7733458                    /opt/jdk1.7.0_45/jre/lib/amd64/libverify.so
7f4a583ae000-7f4a583b5000 r-xp 00000000 08:04 790497                     /lib/x86_64-linux-gnu/librt-2.19.so
7f4a583b5000-7f4a585b4000 ---p 00007000 08:04 790497                     /lib/x86_64-linux-gnu/librt-2.19.so
7f4a585b4000-7f4a585b5000 r--p 00006000 08:04 790497                     /lib/x86_64-linux-gnu/librt-2.19.so
7f4a585b5000-7f4a585b6000 rw-p 00007000 08:04 790497                     /lib/x86_64-linux-gnu/librt-2.19.so
7f4a585b6000-7f4a586bb000 r-xp 00000000 08:04 790405                     /lib/x86_64-linux-gnu/libm-2.19.so
7f4a586bb000-7f4a588ba000 ---p 00105000 08:04 790405                     /lib/x86_64-linux-gnu/libm-2.19.so
7f4a588ba000-7f4a588bb000 r--p 00104000 08:04 790405                     /lib/x86_64-linux-gnu/libm-2.19.so
7f4a588bb000-7f4a588bc000 rw-p 00105000 08:04 790405                     /lib/x86_64-linux-gnu/libm-2.19.so
7f4a588bc000-7f4a5941e000 r-xp 00000000 08:04 7733476                    /opt/jdk1.7.0_45/jre/lib/amd64/server/libjvm.so
7f4a5941e000-7f4a5961e000 ---p 00b62000 08:04 7733476                    /opt/jdk1.7.0_45/jre/lib/amd64/server/libjvm.so
7f4a5961e000-7f4a596e1000 rw-p 00b62000 08:04 7733476                    /opt/jdk1.7.0_45/jre/lib/amd64/server/libjvm.so
7f4a596e1000-7f4a59722000 rw-p 00000000 00:00 0 
7f4a59722000-7f4a598dd000 r-xp 00000000 08:04 790478                     /lib/x86_64-linux-gnu/libc-2.19.so
7f4a598dd000-7f4a59adc000 ---p 001bb000 08:04 790478                     /lib/x86_64-linux-gnu/libc-2.19.so
7f4a59adc000-7f4a59ae0000 r--p 001ba000 08:04 790478                     /lib/x86_64-linux-gnu/libc-2.19.so
7f4a59ae0000-7f4a59ae2000 rw-p 001be000 08:04 790478                     /lib/x86_64-linux-gnu/libc-2.19.so
7f4a59ae2000-7f4a59ae7000 rw-p 00000000 00:00 0 
7f4a59ae7000-7f4a59aea000 r-xp 00000000 08:04 790411                     /lib/x86_64-linux-gnu/libdl-2.19.so
7f4a59aea000-7f4a59ce9000 ---p 00003000 08:04 790411                     /lib/x86_64-linux-gnu/libdl-2.19.so
7f4a59ce9000-7f4a59cea000 r--p 00002000 08:04 790411                     /lib/x86_64-linux-gnu/libdl-2.19.so
7f4a59cea000-7f4a59ceb000 rw-p 00003000 08:04 790411                     /lib/x86_64-linux-gnu/libdl-2.19.so
7f4a59ceb000-7f4a59d01000 r-xp 00000000 08:04 7604619                    /opt/jdk1.7.0_45/lib/amd64/jli/libjli.so
7f4a59d01000-7f4a59f01000 ---p 00016000 08:04 7604619                    /opt/jdk1.7.0_45/lib/amd64/jli/libjli.so
7f4a59f01000-7f4a59f02000 rw-p 00016000 08:04 7604619                    /opt/jdk1.7.0_45/lib/amd64/jli/libjli.so
7f4a59f02000-7f4a59f1b000 r-xp 00000000 08:04 790479                     /lib/x86_64-linux-gnu/libpthread-2.19.so
7f4a59f1b000-7f4a5a11a000 ---p 00019000 08:04 790479                     /lib/x86_64-linux-gnu/libpthread-2.19.so
7f4a5a11a000-7f4a5a11b000 r--p 00018000 08:04 790479                     /lib/x86_64-linux-gnu/libpthread-2.19.so
7f4a5a11b000-7f4a5a11c000 rw-p 00019000 08:04 790479                     /lib/x86_64-linux-gnu/libpthread-2.19.so
7f4a5a11c000-7f4a5a120000 rw-p 00000000 00:00 0 
7f4a5a120000-7f4a5a143000 r-xp 00000000 08:04 790445                     /lib/x86_64-linux-gnu/ld-2.19.so
7f4a5a144000-7f4a5a16f000 rw-p 00000000 00:00 0 
7f4a5a16f000-7f4a5a225000 rw-p 00000000 00:00 0 
7f4a5a225000-7f4a5a228000 ---p 00000000 00:00 0 
7f4a5a228000-7f4a5a32a000 rw-p 00000000 00:00 0                          [stack:12014]
7f4a5a331000-7f4a5a332000 rw-p 00000000 00:00 0 
7f4a5a332000-7f4a5a336000 r--s 0008a000 08:04 6950281                    /opt/jdk1.7.0_45/jre/lib/jsse.jar
7f4a5a336000-7f4a5a33e000 rw-s 00000000 08:04 8269224                    /tmp/hsperfdata_sathvi/12009
7f4a5a33e000-7f4a5a33f000 rw-p 00000000 00:00 0 
7f4a5a33f000-7f4a5a340000 ---p 00000000 00:00 0 
7f4a5a340000-7f4a5a342000 rw-p 00000000 00:00 0 
7f4a5a342000-7f4a5a343000 r--p 00022000 08:04 790445                     /lib/x86_64-linux-gnu/ld-2.19.so
7f4a5a343000-7f4a5a344000 rw-p 00023000 08:04 790445                     /lib/x86_64-linux-gnu/ld-2.19.so
7f4a5a344000-7f4a5a345000 rw-p 00000000 00:00 0 
7fff97073000-7fff97095000 rw-p 00000000 00:00 0                          [stack]
7fff970f6000-7fff970f8000 r-xp 00000000 00:00 0                          [vdso]
ffffffffff600000-ffffffffff601000 r-xp 00000000 00:00 0                  [vsyscall]

VM Arguments:
jvm_args: -Xmx1024M -Dfile.encoding=UTF-8 -Duser.country=IN -Duser.language=en -Duser.variant -Xmx2048m 
java_command: com.android.dx.command.Main --dex --output /home/sathvi/Learning/app/build/intermediates/dex/debug /home/sathvi/Learning/app/build/intermediates/classes/debug /home/sathvi/Learning/app/build/intermediates/pre-dexed/debug/support-annotations-21.0.3-e1e4a5646b65891219d5453c0bb410b37be9afd7.jar /home/sathvi/Learning/app/build/intermediates/pre-dexed/debug/internal_impl-21.0.3-da329ad21af4929c17c4cf57c8bc0712bbfebadd.jar /home/sathvi/Learning/app/build/intermediates/pre-dexed/debug/classes-c28e536e8ad81e506cac5e33be89b50d6c2c4861.jar /home/sathvi/Learning/app/build/intermediates/pre-dexed/debug/classes-69a8910ca8d57a1e26cc710e60cfbdb07b536d81.jar
Launcher Type: SUN_STANDARD

Environment Variables:
JAVA_HOME=/opt/jdk1.7.0_45
_JAVA_OPTIONS=-Xmx2048m
CLASSPATH=./../lib/bootstrap.jar:./../lib/extensions.jar:./../lib/util.jar:./../lib/jdom.jar:./../lib/log4j.jar:./../lib/trove4j.jar:./../lib/jna.jar:/opt/jdk1.7.0_45/lib/tools.jar
PATH=/usr/local/sbin:/usr/local/bin:/usr/sbin:/usr/bin:/sbin:/bin:/usr/games:/usr/local/games:/opt/jdk1.7.0_45/bin:/opt/jdk1.7.0_45
LD_LIBRARY_PATH=.:
SHELL=/bin/bash
DISPLAY=:0.0

Signal Handlers:
SIGSEGV: [libjvm.so+0x9935b0], sa_mask[0]=0x7ffbfeff, sa_flags=0x10000004
SIGBUS: [libjvm.so+0x9935b0], sa_mask[0]=0x7ffbfeff, sa_flags=0x10000004
SIGFPE: [libjvm.so+0x810330], sa_mask[0]=0x7ffbfeff, sa_flags=0x10000004
SIGPIPE: [libjvm.so+0x810330], sa_mask[0]=0x7ffbfeff, sa_flags=0x10000004
SIGXFSZ: [libjvm.so+0x810330], sa_mask[0]=0x7ffbfeff, sa_flags=0x10000004
SIGILL: [libjvm.so+0x810330], sa_mask[0]=0x7ffbfeff, sa_flags=0x10000004
SIGUSR1: SIG_DFL, sa_mask[0]=0x00000000, sa_flags=0x00000000
SIGUSR2: [libjvm.so+0x811820], sa_mask[0]=0x00000004, sa_flags=0x10000004
SIGHUP: [libjvm.so+0x812790], sa_mask[0]=0x7ffbfeff, sa_flags=0x10000004
SIGINT: [libjvm.so+0x812790], sa_mask[0]=0x7ffbfeff, sa_flags=0x10000004
SIGTERM: [libjvm.so+0x812790], sa_mask[0]=0x7ffbfeff, sa_flags=0x10000004
SIGQUIT: [libjvm.so+0x812790], sa_mask[0]=0x7ffbfeff, sa_flags=0x10000004


---------------  S Y S T E M  ---------------

OS:jessie/sid

uname:Linux 3.13.0-32-generic #57-Ubuntu SMP Tue Jul 15 03:51:08 UTC 2014 x86_64
libc:glibc 2.19 NPTL 2.19 
rlimit: STACK 8192k, CORE 0k, NPROC 29848, NOFILE 4096, AS infinity
load average:2.45 1.27 0.95

/proc/meminfo:
MemTotal:        3842176 kB
MemFree:          101544 kB
Buffers:             460 kB
Cached:           344872 kB
SwapCached:            0 kB
Active:          3247740 kB
Inactive:         333316 kB
Active(anon):    3243360 kB
Inactive(anon):   320104 kB
Active(file):       4380 kB
Inactive(file):    13212 kB
Unevictable:          32 kB
Mlocked:              32 kB
SwapTotal:             0 kB
SwapFree:              0 kB
Dirty:                68 kB
Writeback:             0 kB
AnonPages:       3235996 kB
Mapped:            55668 kB
Shmem:            327500 kB
Slab:              52424 kB
SReclaimable:      26268 kB
SUnreclaim:        26156 kB
KernelStack:        3712 kB
PageTables:        27600 kB
NFS_Unstable:          0 kB
Bounce:                0 kB
WritebackTmp:          0 kB
CommitLimit:     1921088 kB
Committed_AS:    5668972 kB
VmallocTotal:   34359738367 kB
VmallocUsed:      545420 kB
VmallocChunk:   34359165676 kB
HardwareCorrupted:     0 kB
AnonHugePages:   1609728 kB
HugePages_Total:       0
HugePages_Free:        0
HugePages_Rsvd:        0
HugePages_Surp:        0
Hugepagesize:       2048 kB
DirectMap4k:       89004 kB
DirectMap2M:     3897344 kB


CPU:total 4 (2 cores per cpu, 2 threads per core) family 6 model 37 stepping 5, cmov, cx8, fxsr, mmx, sse, sse2, sse3, ssse3, sse4.1, sse4.2, popcnt, ht, tsc, tscinvbit

/proc/cpuinfo:
processor	: 0
vendor_id	: GenuineIntel
cpu family	: 6
model		: 37
model name	: Intel(R) Core(TM) i3 CPU       M 380  @ 2.53GHz
stepping	: 5
microcode	: 0x2
cpu MHz		: 2533.000
cache size	: 3072 KB
physical id	: 0
siblings	: 4
core id		: 0
cpu cores	: 2
apicid		: 0
initial apicid	: 0
fpu		: yes
fpu_exception	: yes
cpuid level	: 11
wp		: yes
flags		: fpu vme de pse tsc msr pae mce cx8 apic sep mtrr pge mca cmov pat pse36 clflush dts acpi mmx fxsr sse sse2 ss ht tm pbe syscall nx rdtscp lm constant_tsc arch_perfmon pebs bts rep_good nopl xtopology nonstop_tsc aperfmperf pni dtes64 monitor ds_cpl vmx est tm2 ssse3 cx16 xtpr pdcm pcid sse4_1 sse4_2 popcnt lahf_lm arat dtherm tpr_shadow vnmi flexpriority ept vpid
bogomips	: 5054.23
clflush size	: 64
cache_alignment	: 64
address sizes	: 36 bits physical, 48 bits virtual
power management:

processor	: 1
vendor_id	: GenuineIntel
cpu family	: 6
model		: 37
model name	: Intel(R) Core(TM) i3 CPU       M 380  @ 2.53GHz
stepping	: 5
microcode	: 0x2
cpu MHz		: 933.000
cache size	: 3072 KB
physical id	: 0
siblings	: 4
core id		: 2
cpu cores	: 2
apicid		: 4
initial apicid	: 4
fpu		: yes
fpu_exception	: yes
cpuid level	: 11
wp		: yes
flags		: fpu vme de pse tsc msr pae mce cx8 apic sep mtrr pge mca cmov pat pse36 clflush dts acpi mmx fxsr sse sse2 ss ht tm pbe syscall nx rdtscp lm constant_tsc arch_perfmon pebs bts rep_good nopl xtopology nonstop_tsc aperfmperf pni dtes64 monitor ds_cpl vmx est tm2 ssse3 cx16 xtpr pdcm pcid sse4_1 sse4_2 popcnt lahf_lm arat dtherm tpr_shadow vnmi flexpriority ept vpid
bogomips	: 5054.23
clflush size	: 64
cache_alignment	: 64
address sizes	: 36 bits physical, 48 bits virtual
power management:

processor	: 2
vendor_id	: GenuineIntel
cpu family	: 6
model		: 37
model name	: Intel(R) Core(TM) i3 CPU       M 380  @ 2.53GHz
stepping	: 5
microcode	: 0x2
cpu MHz		: 2533.000
cache size	: 3072 KB
physical id	: 0
siblings	: 4
core id		: 0
cpu cores	: 2
apicid		: 1
initial apicid	: 1
fpu		: yes
fpu_exception	: yes
cpuid level	: 11
wp		: yes
flags		: fpu vme de pse tsc msr pae mce cx8 apic sep mtrr pge mca cmov pat pse36 clflush dts acpi mmx fxsr sse sse2 ss ht tm pbe syscall nx rdtscp lm constant_tsc arch_perfmon pebs bts rep_good nopl xtopology nonstop_tsc aperfmperf pni dtes64 monitor ds_cpl vmx est tm2 ssse3 cx16 xtpr pdcm pcid sse4_1 sse4_2 popcnt lahf_lm arat dtherm tpr_shadow vnmi flexpriority ept vpid
bogomips	: 5054.23
clflush size	: 64
cache_alignment	: 64
address sizes	: 36 bits physical, 48 bits virtual
power management:

processor	: 3
vendor_id	: GenuineIntel
cpu family	: 6
model		: 37
model name	: Intel(R) Core(TM) i3 CPU       M 380  @ 2.53GHz
stepping	: 5
microcode	: 0x2
cpu MHz		: 933.000
cache size	: 3072 KB
physical id	: 0
siblings	: 4
core id		: 2
cpu cores	: 2
apicid		: 5
initial apicid	: 5
fpu		: yes
fpu_exception	: yes
cpuid level	: 11
wp		: yes
flags		: fpu vme de pse tsc msr pae mce cx8 apic sep mtrr pge mca cmov pat pse36 clflush dts acpi mmx fxsr sse sse2 ss ht tm pbe syscall nx rdtscp lm constant_tsc arch_perfmon pebs bts rep_good nopl xtopology nonstop_tsc aperfmperf pni dtes64 monitor ds_cpl vmx est tm2 ssse3 cx16 xtpr pdcm pcid sse4_1 sse4_2 popcnt lahf_lm arat dtherm tpr_shadow vnmi flexpriority ept vpid
bogomips	: 5054.23
clflush size	: 64
cache_alignment	: 64
address sizes	: 36 bits physical, 48 bits virtual
power management:



Memory: 4k page, physical 3842176k(101544k free), swap 0k(0k free)

vm_info: Java HotSpot(TM) 64-Bit Server VM (24.45-b08) for linux-amd64 JRE (1.7.0_45-b18), built on Oct  8 2013 05:44:25 by "java_re" with gcc 4.3.0 20080428 (Red Hat 4.3.0-8)

time: Sun Mar 29 22:08:15 2015
elapsed time: 19 seconds

